[0m23:44:06.075347 [debug] [MainThread]: Sending event: {'category': 'dbt', 'action': 'invocation', 'label': 'start', 'context': [<snowplow_tracker.self_describing_json.SelfDescribingJson object at 0x000001973C2063C0>, <snowplow_tracker.self_describing_json.SelfDescribingJson object at 0x0000019741380DA0>, <snowplow_tracker.self_describing_json.SelfDescribingJson object at 0x0000019741413D70>]}


============================== 23:44:06.173332 | 22797dd6-8a27-4ece-9f68-c9fcef751930 ==============================
[0m23:44:06.173332 [info ] [MainThread]: Running with dbt=1.11.7
[0m23:44:06.173332 [debug] [MainThread]: running dbt with arguments {'static_parser': 'True', 'no_print': 'None', 'version_check': 'True', 'target_path': 'None', 'warn_error_options': 'WarnErrorOptionsV2(error=[], warn=[], silence=[])', 'printer_width': '80', 'write_json': 'True', 'empty': 'None', 'log_cache_events': 'False', 'introspect': 'True', 'cache_selected_only': 'False', 'fail_fast': 'False', 'debug': 'False', 'log_format': 'default', 'partial_parse': 'True', 'send_anonymous_usage_stats': 'True', 'quiet': 'False', 'warn_error': 'None', 'profiles_dir': 'C:\\Users\\abuba\\.dbt', 'indirect_selection': 'eager', 'use_colors': 'True', 'invocation_command': 'dbt init dbt', 'use_experimental_parser': 'False', 'log_path': 'logs'}
[0m23:44:46.835588 [debug] [MainThread]: Starter project path: C:\Users\abuba\FDA_Project\pharma_supply_chain\.venv\Lib\site-packages\dbt\include\starter_project
[0m23:44:46.867031 [info ] [MainThread]: 
Your new dbt project "fda_project" was created!

For more information on how to configure the profiles.yml file,
please consult the dbt documentation here:

  https://docs.getdbt.com/docs/configure-your-profile

One more thing:

Need help? Don't hesitate to reach out to us via GitHub issues or on Slack:

  https://community.getdbt.com/

Happy modeling!

[0m23:44:46.867031 [info ] [MainThread]: Setting up your profile.
[0m23:45:54.303322 [error] [MainThread]: Encountered an error:

[0m23:45:54.335356 [error] [MainThread]: Traceback (most recent call last):
  File "C:\Users\abuba\FDA_Project\pharma_supply_chain\.venv\Lib\site-packages\dbt\cli\requires.py", line 182, in wrapper
    result, success = func(*args, **kwargs)
                      ^^^^^^^^^^^^^^^^^^^^^
  File "C:\Users\abuba\FDA_Project\pharma_supply_chain\.venv\Lib\site-packages\dbt\cli\requires.py", line 128, in wrapper
    return func(*args, **kwargs)
           ^^^^^^^^^^^^^^^^^^^^^
  File "C:\Users\abuba\FDA_Project\pharma_supply_chain\.venv\Lib\site-packages\dbt\cli\main.py", line 483, in init
    results = task.run()
              ^^^^^^^^^^
  File "C:\Users\abuba\FDA_Project\pharma_supply_chain\.venv\Lib\site-packages\dbt\task\init.py", line 346, in run
    self.setup_profile(profile_name)
  File "C:\Users\abuba\FDA_Project\pharma_supply_chain\.venv\Lib\site-packages\dbt\task\init.py", line 262, in setup_profile
    self.create_profile_from_target(adapter, profile_name=profile_name)
  File "C:\Users\abuba\FDA_Project\pharma_supply_chain\.venv\Lib\site-packages\dbt\task\init.py", line 179, in create_profile_from_target
    self.create_profile_from_profile_template(profile_template, profile_name)
  File "C:\Users\abuba\FDA_Project\pharma_supply_chain\.venv\Lib\site-packages\dbt\task\init.py", line 163, in create_profile_from_profile_template
    target = self.generate_target_from_input(prompts, initial_target)
             ^^^^^^^^^^^^^^^^^^^^^^^^^^^^^^^^^^^^^^^^^^^^^^^^^^^^^^^^
  File "C:\Users\abuba\FDA_Project\pharma_supply_chain\.venv\Lib\site-packages\dbt\task\init.py", line 129, in generate_target_from_input
    target[key] = click.prompt(
                  ^^^^^^^^^^^^^
  File "C:\Users\abuba\FDA_Project\pharma_supply_chain\.venv\Lib\site-packages\click\termui.py", line 171, in prompt
    value = prompt_func(prompt)
            ^^^^^^^^^^^^^^^^^^^
  File "C:\Users\abuba\FDA_Project\pharma_supply_chain\.venv\Lib\site-packages\click\termui.py", line 154, in prompt_func
    raise Abort() from None
click.exceptions.Abort

[0m23:45:54.335356 [debug] [MainThread]: Command `dbt init` failed at 23:45:54.335356 after 108.40 seconds
[0m23:45:54.335356 [debug] [MainThread]: Sending event: {'category': 'dbt', 'action': 'invocation', 'label': 'end', 'context': [<snowplow_tracker.self_describing_json.SelfDescribingJson object at 0x0000019741043EC0>, <snowplow_tracker.self_describing_json.SelfDescribingJson object at 0x0000019741AC5190>, <snowplow_tracker.self_describing_json.SelfDescribingJson object at 0x0000019742D5FBC0>]}
[0m23:45:54.335356 [debug] [MainThread]: Flushing usage events
[0m23:45:54.819658 [debug] [MainThread]: An error was encountered while trying to flush usage events
[0m23:46:08.013939 [debug] [MainThread]: Sending event: {'category': 'dbt', 'action': 'invocation', 'label': 'start', 'context': [<snowplow_tracker.self_describing_json.SelfDescribingJson object at 0x00000235251B34A0>, <snowplow_tracker.self_describing_json.SelfDescribingJson object at 0x00000235256DD1C0>, <snowplow_tracker.self_describing_json.SelfDescribingJson object at 0x00000235221B9E80>]}


============================== 23:46:08.013939 | bd04a79b-4d6a-47c5-8ebb-6f265420f6d4 ==============================
[0m23:46:08.013939 [info ] [MainThread]: Running with dbt=1.11.7
[0m23:46:08.029285 [debug] [MainThread]: running dbt with arguments {'version_check': 'True', 'no_print': 'None', 'static_parser': 'True', 'warn_error_options': 'WarnErrorOptionsV2(error=[], warn=[], silence=[])', 'target_path': 'None', 'printer_width': '80', 'write_json': 'True', 'introspect': 'True', 'log_cache_events': 'False', 'empty': 'None', 'cache_selected_only': 'False', 'log_format': 'default', 'debug': 'False', 'fail_fast': 'False', 'profiles_dir': 'C:\\Users\\abuba\\.dbt', 'send_anonymous_usage_stats': 'True', 'quiet': 'False', 'warn_error': 'None', 'partial_parse': 'True', 'indirect_selection': 'eager', 'invocation_command': 'dbt init fda_project', 'use_colors': 'True', 'use_experimental_parser': 'False', 'log_path': 'logs'}
[0m23:46:08.030980 [info ] [MainThread]: A project called fda_project already exists here.
[0m23:46:08.030980 [debug] [MainThread]: Command `dbt init` succeeded at 23:46:08.030980 after 0.13 seconds
[0m23:46:08.043579 [debug] [MainThread]: Sending event: {'category': 'dbt', 'action': 'invocation', 'label': 'end', 'context': [<snowplow_tracker.self_describing_json.SelfDescribingJson object at 0x0000023524FD3DA0>, <snowplow_tracker.self_describing_json.SelfDescribingJson object at 0x0000023524943B30>, <snowplow_tracker.self_describing_json.SelfDescribingJson object at 0x0000023524942AE0>]}
[0m23:46:08.043579 [debug] [MainThread]: Flushing usage events
[0m23:46:08.365649 [debug] [MainThread]: An error was encountered while trying to flush usage events
[0m23:46:28.651001 [debug] [MainThread]: Sending event: {'category': 'dbt', 'action': 'invocation', 'label': 'start', 'context': [<snowplow_tracker.self_describing_json.SelfDescribingJson object at 0x000001DBC44430E0>, <snowplow_tracker.self_describing_json.SelfDescribingJson object at 0x000001DBC65C8D40>, <snowplow_tracker.self_describing_json.SelfDescribingJson object at 0x000001DBC79A0860>]}


============================== 23:46:28.667378 | 17251570-c1e9-41c8-9ec4-7429d4c74f9f ==============================
[0m23:46:28.667378 [info ] [MainThread]: Running with dbt=1.11.7
[0m23:46:28.667830 [debug] [MainThread]: running dbt with arguments {'version_check': 'True', 'no_print': 'None', 'static_parser': 'True', 'warn_error_options': 'WarnErrorOptionsV2(error=[], warn=[], silence=[])', 'target_path': 'None', 'printer_width': '80', 'write_json': 'True', 'empty': 'None', 'log_cache_events': 'False', 'introspect': 'True', 'cache_selected_only': 'False', 'log_format': 'default', 'debug': 'False', 'fail_fast': 'False', 'profiles_dir': 'C:\\Users\\abuba\\.dbt', 'send_anonymous_usage_stats': 'True', 'quiet': 'False', 'warn_error': 'None', 'partial_parse': 'True', 'invocation_command': 'dbt init FDA_Project', 'use_colors': 'True', 'indirect_selection': 'eager', 'use_experimental_parser': 'False', 'log_path': 'logs'}
[0m23:46:28.668242 [info ] [MainThread]: A project called FDA_Project already exists here.
[0m23:46:28.668242 [debug] [MainThread]: Command `dbt init` succeeded at 23:46:28.668242 after 0.12 seconds
[0m23:46:28.668242 [debug] [MainThread]: Sending event: {'category': 'dbt', 'action': 'invocation', 'label': 'end', 'context': [<snowplow_tracker.self_describing_json.SelfDescribingJson object at 0x000001DBC4538350>, <snowplow_tracker.self_describing_json.SelfDescribingJson object at 0x000001DBC7070920>, <snowplow_tracker.self_describing_json.SelfDescribingJson object at 0x000001DBC44430E0>]}
[0m23:46:28.681171 [debug] [MainThread]: Flushing usage events
[0m23:46:29.071195 [debug] [MainThread]: An error was encountered while trying to flush usage events
[0m23:47:18.933177 [debug] [MainThread]: Sending event: {'category': 'dbt', 'action': 'invocation', 'label': 'start', 'context': [<snowplow_tracker.self_describing_json.SelfDescribingJson object at 0x00000299615D3CE0>, <snowplow_tracker.self_describing_json.SelfDescribingJson object at 0x0000029965C123F0>, <snowplow_tracker.self_describing_json.SelfDescribingJson object at 0x00000299643BE870>]}


============================== 23:47:18.936388 | 19b04f5f-5209-498c-abc8-e7e660b2d7cd ==============================
[0m23:47:18.936388 [info ] [MainThread]: Running with dbt=1.11.7
[0m23:47:18.937388 [debug] [MainThread]: running dbt with arguments {'static_parser': 'True', 'no_print': 'None', 'version_check': 'True', 'target_path': 'None', 'warn_error_options': 'WarnErrorOptionsV2(error=[], warn=[], silence=[])', 'printer_width': '80', 'write_json': 'True', 'introspect': 'True', 'log_cache_events': 'False', 'empty': 'None', 'cache_selected_only': 'False', 'log_format': 'default', 'debug': 'False', 'fail_fast': 'False', 'partial_parse': 'True', 'send_anonymous_usage_stats': 'True', 'quiet': 'False', 'warn_error': 'None', 'profiles_dir': 'C:\\Users\\abuba\\.dbt', 'use_colors': 'True', 'invocation_command': 'dbt init FDA_Pipeline', 'indirect_selection': 'eager', 'use_experimental_parser': 'False', 'log_path': 'logs'}
[0m23:47:18.950386 [debug] [MainThread]: Starter project path: C:\Users\abuba\FDA_Project\pharma_supply_chain\.venv\Lib\site-packages\dbt\include\starter_project
[0m23:47:18.963836 [info ] [MainThread]: 
Your new dbt project "FDA_Pipeline" was created!

For more information on how to configure the profiles.yml file,
please consult the dbt documentation here:

  https://docs.getdbt.com/docs/configure-your-profile

One more thing:

Need help? Don't hesitate to reach out to us via GitHub issues or on Slack:

  https://community.getdbt.com/

Happy modeling!

[0m23:47:18.963836 [info ] [MainThread]: Setting up your profile.
[0m23:48:49.626788 [info ] [MainThread]: Profile FDA_Pipeline written to C:\Users\abuba\.dbt\profiles.yml using target's profile_template.yml and your supplied values. Run 'dbt debug' to validate the connection.
[0m23:48:49.641414 [debug] [MainThread]: Command `dbt init` succeeded at 23:48:49.626788 after 90.82 seconds
[0m23:48:49.641414 [debug] [MainThread]: Sending event: {'category': 'dbt', 'action': 'invocation', 'label': 'end', 'context': [<snowplow_tracker.self_describing_json.SelfDescribingJson object at 0x0000029964A91AF0>, <snowplow_tracker.self_describing_json.SelfDescribingJson object at 0x0000029961980680>, <snowplow_tracker.self_describing_json.SelfDescribingJson object at 0x00000299615D3CE0>]}
[0m23:48:49.641414 [debug] [MainThread]: Flushing usage events
[0m23:48:50.144914 [debug] [MainThread]: An error was encountered while trying to flush usage events
