2026-03-14 20:19:02 - INFO - Starting FDA shortages ingestion...
2026-03-14 20:19:03 - INFO - Total records: 1686
2026-03-14 20:19:03 - INFO - Fetched: 100/1686
2026-03-14 20:19:03 - INFO - Fetched: 200/1686
2026-03-14 20:19:04 - INFO - Fetched: 300/1686
2026-03-14 20:19:05 - INFO - Fetched: 400/1686
2026-03-14 20:19:06 - INFO - Fetched: 500/1686
2026-03-14 20:19:06 - INFO - Fetched: 600/1686
2026-03-14 20:19:07 - INFO - Fetched: 700/1686
2026-03-14 20:19:08 - INFO - Fetched: 800/1686
2026-03-14 20:19:09 - INFO - Fetched: 900/1686
2026-03-14 20:19:09 - INFO - Fetched: 1000/1686
2026-03-14 20:19:10 - INFO - Fetched: 1100/1686
2026-03-14 20:19:11 - INFO - Fetched: 1200/1686
2026-03-14 20:19:12 - INFO - Fetched: 1300/1686
2026-03-14 20:19:13 - INFO - Fetched: 1400/1686
2026-03-14 20:19:14 - INFO - Fetched: 1500/1686
2026-03-14 20:19:15 - INFO - Fetched: 1600/1686
2026-03-14 20:19:15 - INFO - Fetched: 1686/1686
2026-03-14 20:19:15 - INFO - Built bronze_df with shape: (1665, 22)
2026-03-14 20:24:18 - INFO - Starting FDA shortages ingestion...
2026-03-14 20:24:19 - INFO - Total records: 1686
2026-03-14 20:24:19 - INFO - Fetched: 100/1686
2026-03-14 20:24:20 - INFO - Fetched: 200/1686
2026-03-14 20:24:21 - INFO - Fetched: 300/1686
2026-03-14 20:24:21 - INFO - Fetched: 400/1686
2026-03-14 20:24:22 - INFO - Fetched: 500/1686
2026-03-14 20:24:22 - INFO - Fetched: 600/1686
2026-03-14 20:24:23 - INFO - Fetched: 700/1686
2026-03-14 20:24:24 - INFO - Fetched: 800/1686
2026-03-14 20:24:24 - INFO - Fetched: 900/1686
2026-03-14 20:24:25 - INFO - Fetched: 1000/1686
2026-03-14 20:24:26 - INFO - Fetched: 1100/1686
2026-03-14 20:24:27 - INFO - Fetched: 1200/1686
2026-03-14 20:24:27 - INFO - Fetched: 1300/1686
2026-03-14 20:24:28 - INFO - Fetched: 1400/1686
2026-03-14 20:24:29 - INFO - Fetched: 1500/1686
2026-03-14 20:24:30 - INFO - Fetched: 1600/1686
2026-03-14 20:24:30 - INFO - Fetched: 1686/1686
2026-03-14 20:24:30 - INFO - Built bronze_df with shape: (1665, 22)
2026-03-14 20:28:26 - INFO - Starting FDA shortages ingestion...
2026-03-14 20:28:27 - INFO - Total records: 1686
2026-03-14 20:28:27 - INFO - Fetched: 100/1686
2026-03-14 20:28:27 - INFO - Fetched: 200/1686
2026-03-14 20:28:28 - INFO - Fetched: 300/1686
2026-03-14 20:28:29 - INFO - Fetched: 400/1686
2026-03-14 20:28:30 - INFO - Fetched: 500/1686
2026-03-14 20:28:31 - INFO - Fetched: 600/1686
2026-03-14 20:28:32 - INFO - Fetched: 700/1686
2026-03-14 20:28:32 - INFO - Fetched: 800/1686
2026-03-14 20:28:33 - INFO - Fetched: 900/1686
2026-03-14 20:28:34 - INFO - Fetched: 1000/1686
2026-03-14 20:28:35 - INFO - Fetched: 1100/1686
2026-03-14 20:28:35 - INFO - Fetched: 1200/1686
2026-03-14 20:28:36 - INFO - Fetched: 1300/1686
2026-03-14 20:28:37 - INFO - Fetched: 1400/1686
2026-03-14 20:28:38 - INFO - Fetched: 1500/1686
2026-03-14 20:28:39 - INFO - Fetched: 1600/1686
2026-03-14 20:28:39 - INFO - Fetched: 1686/1686
2026-03-14 20:28:39 - INFO - Built bronze_df with shape: (1665, 22)
2026-03-14 20:33:41 - INFO - Starting FDA shortages ingestion...
2026-03-14 20:33:42 - INFO - Total records: 1686
2026-03-14 20:33:42 - INFO - Fetched: 100/1686
2026-03-14 20:33:43 - INFO - Fetched: 200/1686
2026-03-14 20:33:44 - INFO - Fetched: 300/1686
2026-03-14 20:33:45 - INFO - Fetched: 400/1686
2026-03-14 20:33:45 - INFO - Fetched: 500/1686
2026-03-14 20:33:46 - INFO - Fetched: 600/1686
2026-03-14 20:33:47 - INFO - Fetched: 700/1686
2026-03-14 20:33:48 - INFO - Fetched: 800/1686
2026-03-14 20:33:48 - INFO - Fetched: 900/1686
2026-03-14 20:33:49 - INFO - Fetched: 1000/1686
2026-03-14 20:33:50 - INFO - Fetched: 1100/1686
2026-03-14 20:33:50 - INFO - Fetched: 1200/1686
2026-03-14 20:33:51 - INFO - Fetched: 1300/1686
2026-03-14 20:33:51 - INFO - Fetched: 1400/1686
2026-03-14 20:33:52 - INFO - Fetched: 1500/1686
2026-03-14 20:33:53 - INFO - Fetched: 1600/1686
2026-03-14 20:33:53 - INFO - Fetched: 1686/1686
2026-03-14 20:33:53 - INFO - Built bronze_df with shape: (1665, 22)
2026-03-14 20:37:20 - INFO - Starting FDA shortages ingestion...
2026-03-14 20:37:20 - INFO - Starting FDA shortages ingestion...
2026-03-14 20:37:20 - INFO - Total records: 1686
2026-03-14 20:37:20 - INFO - Fetched: 100/1686
2026-03-14 20:37:20 - INFO - Total records: 1686
2026-03-14 20:37:20 - INFO - Fetched: 100/1686
2026-03-14 20:37:21 - INFO - Fetched: 200/1686
2026-03-14 20:37:21 - INFO - Fetched: 200/1686
2026-03-14 20:37:22 - INFO - Fetched: 300/1686
2026-03-14 20:37:22 - INFO - Fetched: 300/1686
2026-03-14 20:37:22 - INFO - Fetched: 400/1686
2026-03-14 20:37:22 - INFO - Fetched: 400/1686
2026-03-14 20:37:23 - INFO - Fetched: 500/1686
2026-03-14 20:37:23 - INFO - Fetched: 500/1686
2026-03-14 20:37:24 - INFO - Fetched: 600/1686
2026-03-14 20:37:24 - INFO - Fetched: 600/1686
2026-03-14 20:37:25 - INFO - Fetched: 700/1686
2026-03-14 20:37:25 - INFO - Fetched: 700/1686
2026-03-14 20:37:25 - INFO - Fetched: 800/1686
2026-03-14 20:37:26 - INFO - Fetched: 800/1686
2026-03-14 20:37:26 - INFO - Fetched: 900/1686
2026-03-14 20:37:26 - INFO - Fetched: 900/1686
2026-03-14 20:37:27 - INFO - Fetched: 1000/1686
2026-03-14 20:37:27 - INFO - Fetched: 1000/1686
2026-03-14 20:37:28 - INFO - Fetched: 1100/1686
2026-03-14 20:37:28 - INFO - Fetched: 1100/1686
2026-03-14 20:37:28 - INFO - Fetched: 1200/1686
2026-03-14 20:37:28 - INFO - Fetched: 1200/1686
2026-03-14 20:37:29 - INFO - Fetched: 1300/1686
2026-03-14 20:37:29 - INFO - Fetched: 1300/1686
2026-03-14 20:37:30 - INFO - Fetched: 1400/1686
2026-03-14 20:37:30 - INFO - Fetched: 1400/1686
2026-03-14 20:37:30 - INFO - Fetched: 1500/1686
2026-03-14 20:37:30 - INFO - Fetched: 1500/1686
2026-03-14 20:37:31 - INFO - Fetched: 1600/1686
2026-03-14 20:37:31 - INFO - Fetched: 1600/1686
2026-03-14 20:37:32 - INFO - Fetched: 1686/1686
2026-03-14 20:37:32 - INFO - Fetched: 1686/1686
2026-03-14 20:37:32 - INFO - Built bronze_df with shape: (1665, 22)
2026-03-14 20:37:32 - INFO - Built bronze_df with shape: (1665, 22)
2026-03-14 20:37:33 - INFO - Loaded 1665 records into bronze.raw_fda_shortages
2026-03-14 20:37:33 - INFO - Done.
2026-03-14 20:37:33 - INFO - Loaded 1665 records into bronze.raw_fda_shortages
2026-03-14 20:37:33 - INFO - Done.
2026-03-14 20:41:20 - INFO - Starting FDA shortages ingestion...
2026-03-14 20:41:21 - INFO - Total records: 1686
2026-03-14 20:41:21 - INFO - Fetched: 100/1686
2026-03-14 20:41:22 - INFO - Fetched: 200/1686
2026-03-14 20:41:23 - INFO - Fetched: 300/1686
2026-03-14 20:41:24 - INFO - Fetched: 400/1686
2026-03-14 20:41:24 - INFO - Fetched: 500/1686
2026-03-14 20:41:25 - INFO - Fetched: 600/1686
2026-03-14 20:41:26 - INFO - Fetched: 700/1686
2026-03-14 20:41:27 - INFO - Fetched: 800/1686
2026-03-14 20:41:28 - INFO - Fetched: 900/1686
2026-03-14 20:41:29 - INFO - Fetched: 1000/1686
2026-03-14 20:41:30 - INFO - Fetched: 1100/1686
2026-03-14 20:41:30 - INFO - Fetched: 1200/1686
2026-03-14 20:41:31 - INFO - Fetched: 1300/1686
2026-03-14 20:41:32 - INFO - Fetched: 1400/1686
2026-03-14 20:41:33 - INFO - Fetched: 1500/1686
2026-03-14 20:41:33 - INFO - Fetched: 1600/1686
2026-03-14 20:41:34 - INFO - Fetched: 1686/1686
2026-03-14 20:41:34 - INFO - Built bronze_df with shape: (1665, 22)
2026-03-14 20:41:34 - INFO - Loaded 1665 records into bronze.raw_fda_shortages
2026-03-14 20:41:34 - INFO - Done.
2026-03-14 20:54:58 - INFO - Starting FDA shortages ingestion...
2026-03-14 20:54:59 - INFO - Total records: 1686
2026-03-14 20:54:59 - INFO - Fetched: 100/1686
2026-03-14 20:55:00 - INFO - Fetched: 200/1686
2026-03-14 20:55:01 - INFO - Fetched: 300/1686
2026-03-14 20:55:02 - INFO - Fetched: 400/1686
2026-03-14 20:55:04 - INFO - Fetched: 500/1686
2026-03-14 20:55:04 - INFO - Fetched: 600/1686
2026-03-14 20:55:05 - INFO - Fetched: 700/1686
2026-03-14 20:55:06 - INFO - Fetched: 800/1686
2026-03-14 20:55:07 - INFO - Fetched: 900/1686
2026-03-14 20:55:08 - INFO - Fetched: 1000/1686
2026-03-14 20:55:08 - INFO - Fetched: 1100/1686
2026-03-14 20:55:09 - INFO - Fetched: 1200/1686
2026-03-14 20:55:10 - INFO - Fetched: 1300/1686
2026-03-14 20:55:11 - INFO - Fetched: 1400/1686
2026-03-14 20:55:12 - INFO - Fetched: 1500/1686
2026-03-14 20:55:12 - INFO - Fetched: 1600/1686
2026-03-14 20:55:13 - INFO - Fetched: 1686/1686
2026-03-14 20:55:13 - INFO - Built bronze_df with shape: (1665, 22)
2026-03-14 20:55:14 - INFO - Loaded 1665 records into bronze.raw_fda_shortages
2026-03-14 20:55:14 - INFO - Done.
