2026-03-06 23:23:39 - INFO - Starting FDA approvals ingestion...
2026-03-06 23:23:40 - INFO - Total records to fetch: 28900
2026-03-06 23:23:42 - INFO - Fetched page at skip=400 — 100 records
2026-03-06 23:23:42 - INFO - Fetched page at skip=100 — 100 records
2026-03-06 23:23:42 - INFO - Fetched page at skip=300 — 100 records
2026-03-06 23:23:42 - INFO - Fetched page at skip=200 — 100 records
2026-03-06 23:23:42 - INFO - Fetched page at skip=0 — 100 records
2026-03-06 23:23:43 - INFO - Fetched page at skip=500 — 100 records
2026-03-06 23:23:44 - INFO - Fetched page at skip=900 — 100 records
2026-03-06 23:23:44 - INFO - Fetched page at skip=600 — 100 records
2026-03-06 23:23:44 - INFO - Fetched page at skip=700 — 100 records
2026-03-06 23:23:44 - INFO - Fetched page at skip=800 — 100 records
2026-03-06 23:23:45 - INFO - Fetched page at skip=1000 — 100 records
2026-03-06 23:23:45 - INFO - Fetched page at skip=1100 — 100 records
2026-03-06 23:23:45 - INFO - Fetched page at skip=1300 — 100 records
2026-03-06 23:23:45 - INFO - Fetched page at skip=1400 — 100 records
2026-03-06 23:23:45 - INFO - Fetched page at skip=1200 — 100 records
2026-03-06 23:23:47 - INFO - Fetched page at skip=1500 — 100 records
2026-03-06 23:23:47 - INFO - Fetched page at skip=1800 — 100 records
2026-03-06 23:23:47 - INFO - Fetched page at skip=1700 — 100 records
2026-03-06 23:23:47 - INFO - Fetched page at skip=1600 — 100 records
2026-03-06 23:23:47 - INFO - Fetched page at skip=1900 — 100 records
2026-03-06 23:23:48 - INFO - Fetched page at skip=2000 — 100 records
2026-03-06 23:23:48 - INFO - Fetched page at skip=2200 — 100 records
2026-03-06 23:23:48 - INFO - Fetched page at skip=2100 — 100 records
2026-03-06 23:23:48 - INFO - Fetched page at skip=2300 — 100 records
2026-03-06 23:23:48 - INFO - Fetched page at skip=2400 — 100 records
2026-03-06 23:23:49 - INFO - Fetched page at skip=2500 — 100 records
2026-03-06 23:23:49 - INFO - Fetched page at skip=2600 — 100 records
2026-03-06 23:23:50 - INFO - Fetched page at skip=2700 — 100 records
2026-03-06 23:23:50 - INFO - Fetched page at skip=2800 — 100 records
2026-03-06 23:23:50 - INFO - Fetched page at skip=2900 — 100 records
2026-03-06 23:23:51 - INFO - Fetched page at skip=3000 — 100 records
2026-03-06 23:23:51 - INFO - Fetched page at skip=3100 — 100 records
2026-03-06 23:23:51 - INFO - Fetched page at skip=3200 — 100 records
2026-03-06 23:23:51 - INFO - Fetched page at skip=3400 — 100 records
2026-03-06 23:23:51 - INFO - Fetched page at skip=3300 — 100 records
2026-03-06 23:23:52 - INFO - Fetched page at skip=3500 — 100 records
2026-03-06 23:23:52 - INFO - Fetched page at skip=3700 — 100 records
2026-03-06 23:23:52 - INFO - Fetched page at skip=3600 — 100 records
2026-03-06 23:23:52 - INFO - Fetched page at skip=3800 — 100 records
2026-03-06 23:23:53 - INFO - Fetched page at skip=3900 — 100 records
2026-03-06 23:23:53 - INFO - Fetched page at skip=4000 — 100 records
2026-03-06 23:23:54 - INFO - Fetched page at skip=4200 — 100 records
2026-03-06 23:23:54 - INFO - Fetched page at skip=4100 — 100 records
2026-03-06 23:23:54 - INFO - Fetched page at skip=4300 — 100 records
2026-03-06 23:23:54 - INFO - Fetched page at skip=4400 — 100 records
2026-03-06 23:23:55 - INFO - Fetched page at skip=4500 — 100 records
2026-03-06 23:23:55 - INFO - Fetched page at skip=4600 — 100 records
2026-03-06 23:23:55 - INFO - Fetched page at skip=4700 — 100 records
2026-03-06 23:23:55 - INFO - Fetched page at skip=4800 — 100 records
2026-03-06 23:23:55 - INFO - Fetched page at skip=4900 — 100 records
2026-03-06 23:23:56 - INFO - Fetched page at skip=5000 — 100 records
2026-03-06 23:23:56 - INFO - Fetched page at skip=5100 — 100 records
2026-03-06 23:23:56 - INFO - Fetched page at skip=5200 — 100 records
2026-03-06 23:23:57 - INFO - Fetched page at skip=5400 — 100 records
2026-03-06 23:23:57 - INFO - Fetched page at skip=5300 — 100 records
2026-03-06 23:23:57 - INFO - Fetched page at skip=5500 — 100 records
2026-03-06 23:23:58 - INFO - Fetched page at skip=5600 — 100 records
2026-03-06 23:23:58 - INFO - Fetched page at skip=5700 — 100 records
2026-03-06 23:23:58 - INFO - Fetched page at skip=5800 — 100 records
2026-03-06 23:23:58 - INFO - Fetched page at skip=5900 — 100 records
2026-03-06 23:23:59 - INFO - Fetched page at skip=6000 — 100 records
2026-03-06 23:23:59 - INFO - Fetched page at skip=6100 — 100 records
2026-03-06 23:23:59 - INFO - Fetched page at skip=6200 — 100 records
2026-03-06 23:23:59 - INFO - Fetched page at skip=6400 — 100 records
2026-03-06 23:23:59 - INFO - Fetched page at skip=6300 — 100 records
2026-03-06 23:24:00 - INFO - Fetched page at skip=6600 — 100 records
2026-03-06 23:24:00 - INFO - Fetched page at skip=6700 — 100 records
2026-03-06 23:24:00 - INFO - Fetched page at skip=6500 — 100 records
2026-03-06 23:24:01 - INFO - Fetched page at skip=6800 — 100 records
2026-03-06 23:24:01 - INFO - Fetched page at skip=6900 — 100 records
2026-03-06 23:24:02 - INFO - Fetched page at skip=7000 — 100 records
2026-03-06 23:24:02 - INFO - Fetched page at skip=7200 — 100 records
2026-03-06 23:24:02 - INFO - Fetched page at skip=7100 — 100 records
2026-03-06 23:24:02 - INFO - Fetched page at skip=7300 — 100 records
2026-03-06 23:24:02 - INFO - Fetched page at skip=7400 — 100 records
2026-03-06 23:24:03 - INFO - Fetched page at skip=7500 — 100 records
2026-03-06 23:24:03 - INFO - Fetched page at skip=7700 — 100 records
2026-03-06 23:24:03 - INFO - Fetched page at skip=7600 — 100 records
2026-03-06 23:24:03 - INFO - Fetched page at skip=7800 — 100 records
2026-03-06 23:24:04 - INFO - Fetched page at skip=7900 — 100 records
2026-03-06 23:24:04 - INFO - Fetched page at skip=8000 — 100 records
2026-03-06 23:24:05 - INFO - Fetched page at skip=8100 — 100 records
2026-03-06 23:24:05 - INFO - Fetched page at skip=8200 — 100 records
2026-03-06 23:24:05 - INFO - Fetched page at skip=8300 — 100 records
2026-03-06 23:24:05 - INFO - Fetched page at skip=8400 — 100 records
2026-03-06 23:24:06 - INFO - Fetched page at skip=8500 — 100 records
2026-03-06 23:24:06 - INFO - Fetched page at skip=8600 — 100 records
2026-03-06 23:24:06 - INFO - Fetched page at skip=8700 — 100 records
2026-03-06 23:24:06 - INFO - Fetched page at skip=8800 — 100 records
2026-03-06 23:24:06 - INFO - Fetched page at skip=8900 — 100 records
2026-03-06 23:24:07 - INFO - Fetched page at skip=9000 — 100 records
2026-03-06 23:24:07 - INFO - Fetched page at skip=9100 — 100 records
2026-03-06 23:24:07 - INFO - Fetched page at skip=9200 — 100 records
2026-03-06 23:24:08 - INFO - Fetched page at skip=9300 — 100 records
2026-03-06 23:24:08 - INFO - Fetched page at skip=9400 — 100 records
2026-03-06 23:24:08 - INFO - Fetched page at skip=9500 — 100 records
2026-03-06 23:24:09 - INFO - Fetched page at skip=9600 — 100 records
2026-03-06 23:24:09 - INFO - Fetched page at skip=9700 — 100 records
2026-03-06 23:24:09 - INFO - Fetched page at skip=9800 — 100 records
2026-03-06 23:24:09 - INFO - Fetched page at skip=9900 — 100 records
2026-03-06 23:24:10 - INFO - Fetched page at skip=10000 — 100 records
2026-03-06 23:24:10 - INFO - Fetched page at skip=10100 — 100 records
2026-03-06 23:24:10 - INFO - Fetched page at skip=10300 — 100 records
2026-03-06 23:24:10 - INFO - Fetched page at skip=10400 — 100 records
2026-03-06 23:24:10 - INFO - Fetched page at skip=10200 — 100 records
2026-03-06 23:24:11 - INFO - Fetched page at skip=10500 — 100 records
2026-03-06 23:24:12 - INFO - Fetched page at skip=10600 — 100 records
2026-03-06 23:24:12 - INFO - Fetched page at skip=10800 — 100 records
2026-03-06 23:24:12 - INFO - Fetched page at skip=10700 — 100 records
2026-03-06 23:24:12 - INFO - Fetched page at skip=10900 — 100 records
2026-03-06 23:24:13 - INFO - Fetched page at skip=11000 — 100 records
2026-03-06 23:24:13 - INFO - Fetched page at skip=11100 — 100 records
2026-03-06 23:24:14 - INFO - Fetched page at skip=11200 — 100 records
2026-03-06 23:24:14 - INFO - Fetched page at skip=11300 — 100 records
2026-03-06 23:24:14 - INFO - Fetched page at skip=11400 — 100 records
2026-03-06 23:24:14 - INFO - Fetched page at skip=11500 — 100 records
2026-03-06 23:24:15 - INFO - Fetched page at skip=11600 — 100 records
2026-03-06 23:24:15 - INFO - Fetched page at skip=11700 — 100 records
2026-03-06 23:24:15 - INFO - Fetched page at skip=11900 — 100 records
2026-03-06 23:24:16 - INFO - Fetched page at skip=11800 — 100 records
2026-03-06 23:24:16 - INFO - Fetched page at skip=12000 — 100 records
2026-03-06 23:24:16 - INFO - Fetched page at skip=12100 — 100 records
2026-03-06 23:24:17 - INFO - Fetched page at skip=12200 — 100 records
2026-03-06 23:24:17 - INFO - Fetched page at skip=12300 — 100 records
2026-03-06 23:24:17 - INFO - Fetched page at skip=12400 — 100 records
2026-03-06 23:24:17 - INFO - Fetched page at skip=12500 — 100 records
2026-03-06 23:24:18 - INFO - Fetched page at skip=12600 — 100 records
2026-03-06 23:24:18 - INFO - Fetched page at skip=12800 — 100 records
2026-03-06 23:24:18 - INFO - Fetched page at skip=12700 — 100 records
2026-03-06 23:24:19 - INFO - Fetched page at skip=12900 — 100 records
2026-03-06 23:24:19 - INFO - Fetched page at skip=13000 — 100 records
2026-03-06 23:24:19 - INFO - Fetched page at skip=13100 — 100 records
2026-03-06 23:24:20 - INFO - Fetched page at skip=13300 — 100 records
2026-03-06 23:24:20 - INFO - Fetched page at skip=13200 — 100 records
2026-03-06 23:24:20 - INFO - Fetched page at skip=13400 — 100 records
2026-03-06 23:24:20 - INFO - Fetched page at skip=13500 — 100 records
2026-03-06 23:24:21 - INFO - Fetched page at skip=13600 — 100 records
2026-03-06 23:24:21 - INFO - Fetched page at skip=13700 — 100 records
2026-03-06 23:24:21 - INFO - Fetched page at skip=13800 — 100 records
2026-03-06 23:24:22 - INFO - Fetched page at skip=13900 — 100 records
2026-03-06 23:24:22 - INFO - Fetched page at skip=14000 — 100 records
2026-03-06 23:24:22 - INFO - Fetched page at skip=14100 — 100 records
2026-03-06 23:24:23 - INFO - Fetched page at skip=14200 — 100 records
2026-03-06 23:24:23 - INFO - Fetched page at skip=14300 — 100 records
2026-03-06 23:24:23 - INFO - Fetched page at skip=14400 — 100 records
2026-03-06 23:24:23 - INFO - Fetched page at skip=14500 — 100 records
2026-03-06 23:24:23 - INFO - Fetched page at skip=14600 — 100 records
2026-03-06 23:24:24 - INFO - Fetched page at skip=14700 — 100 records
2026-03-06 23:24:24 - INFO - Fetched page at skip=14800 — 100 records
2026-03-06 23:24:25 - INFO - Fetched page at skip=14900 — 100 records
2026-03-06 23:24:25 - INFO - Fetched page at skip=15000 — 100 records
2026-03-06 23:24:25 - INFO - Fetched page at skip=15100 — 100 records
2026-03-06 23:24:26 - INFO - Fetched page at skip=15200 — 100 records
2026-03-06 23:24:26 - INFO - Fetched page at skip=15300 — 100 records
2026-03-06 23:24:26 - INFO - Fetched page at skip=15400 — 100 records
2026-03-06 23:24:26 - INFO - Fetched page at skip=15500 — 100 records
2026-03-06 23:24:26 - INFO - Fetched page at skip=15600 — 100 records
2026-03-06 23:24:27 - INFO - Fetched page at skip=15700 — 100 records
2026-03-06 23:24:27 - INFO - Fetched page at skip=15800 — 100 records
2026-03-06 23:24:27 - INFO - Fetched page at skip=15900 — 100 records
2026-03-06 23:24:28 - INFO - Fetched page at skip=16000 — 100 records
2026-03-06 23:24:28 - INFO - Fetched page at skip=16100 — 100 records
2026-03-06 23:24:29 - INFO - Fetched page at skip=16200 — 100 records
2026-03-06 23:24:29 - INFO - Fetched page at skip=16300 — 100 records
2026-03-06 23:24:29 - INFO - Fetched page at skip=16400 — 100 records
2026-03-06 23:24:29 - INFO - Fetched page at skip=16500 — 100 records
2026-03-06 23:24:29 - INFO - Fetched page at skip=16600 — 100 records
2026-03-06 23:24:30 - INFO - Fetched page at skip=16700 — 100 records
2026-03-06 23:24:30 - INFO - Fetched page at skip=16800 — 100 records
2026-03-06 23:24:30 - INFO - Fetched page at skip=16900 — 100 records
2026-03-06 23:24:31 - INFO - Fetched page at skip=17000 — 100 records
2026-03-06 23:24:31 - INFO - Fetched page at skip=17100 — 100 records
2026-03-06 23:24:31 - INFO - Fetched page at skip=17200 — 100 records
2026-03-06 23:24:31 - INFO - Fetched page at skip=17300 — 100 records
2026-03-06 23:24:32 - INFO - Fetched page at skip=17400 — 100 records
2026-03-06 23:24:32 - INFO - Fetched page at skip=17500 — 100 records
2026-03-06 23:24:32 - INFO - Fetched page at skip=17600 — 100 records
2026-03-06 23:24:33 - INFO - Fetched page at skip=17700 — 100 records
2026-03-06 23:24:33 - INFO - Fetched page at skip=17800 — 100 records
2026-03-06 23:24:33 - INFO - Fetched page at skip=17900 — 100 records
2026-03-06 23:24:33 - INFO - Fetched page at skip=18000 — 100 records
2026-03-06 23:24:34 - INFO - Fetched page at skip=18100 — 100 records
2026-03-06 23:24:34 - INFO - Fetched page at skip=18200 — 100 records
2026-03-06 23:24:34 - INFO - Fetched page at skip=18300 — 100 records
2026-03-06 23:24:35 - INFO - Fetched page at skip=18400 — 100 records
2026-03-06 23:24:35 - INFO - Fetched page at skip=18600 — 100 records
2026-03-06 23:24:35 - INFO - Fetched page at skip=18500 — 100 records
2026-03-06 23:24:36 - INFO - Fetched page at skip=18700 — 100 records
2026-03-06 23:24:36 - INFO - Fetched page at skip=18800 — 100 records
2026-03-06 23:24:36 - INFO - Fetched page at skip=18900 — 100 records
2026-03-06 23:24:36 - INFO - Fetched page at skip=19000 — 100 records
2026-03-06 23:24:37 - INFO - Fetched page at skip=19100 — 100 records
2026-03-06 23:24:37 - INFO - Fetched page at skip=19200 — 100 records
2026-03-06 23:24:37 - INFO - Fetched page at skip=19300 — 100 records
2026-03-06 23:24:37 - INFO - Fetched page at skip=19400 — 100 records
2026-03-06 23:24:38 - INFO - Fetched page at skip=19500 — 100 records
2026-03-06 23:24:38 - INFO - Fetched page at skip=19600 — 100 records
2026-03-06 23:24:39 - INFO - Fetched page at skip=19700 — 100 records
2026-03-06 23:24:39 - INFO - Fetched page at skip=19900 — 100 records
2026-03-06 23:24:39 - INFO - Fetched page at skip=19800 — 100 records
2026-03-06 23:24:39 - INFO - Fetched page at skip=20000 — 100 records
2026-03-06 23:24:40 - INFO - Fetched page at skip=20100 — 100 records
2026-03-06 23:24:40 - INFO - Fetched page at skip=20200 — 100 records
2026-03-06 23:24:40 - INFO - Fetched page at skip=20300 — 100 records
2026-03-06 23:24:41 - INFO - Fetched page at skip=20400 — 100 records
2026-03-06 23:24:41 - INFO - Fetched page at skip=20500 — 100 records
2026-03-06 23:24:41 - INFO - Fetched page at skip=20600 — 100 records
2026-03-06 23:24:42 - INFO - Fetched page at skip=20700 — 100 records
2026-03-06 23:24:42 - INFO - Fetched page at skip=20800 — 100 records
2026-03-06 23:24:42 - INFO - Fetched page at skip=20900 — 100 records
2026-03-06 23:24:42 - INFO - Fetched page at skip=21000 — 100 records
2026-03-06 23:24:42 - INFO - Fetched page at skip=21100 — 100 records
2026-03-06 23:24:43 - INFO - Fetched page at skip=21200 — 100 records
2026-03-06 23:24:43 - INFO - Fetched page at skip=21300 — 100 records
2026-03-06 23:24:43 - INFO - Fetched page at skip=21400 — 100 records
2026-03-06 23:24:44 - INFO - Fetched page at skip=21500 — 100 records
2026-03-06 23:24:44 - INFO - Fetched page at skip=21600 — 100 records
2026-03-06 23:24:45 - INFO - Fetched page at skip=21700 — 100 records
2026-03-06 23:24:45 - INFO - Fetched page at skip=21800 — 100 records
2026-03-06 23:24:45 - INFO - Fetched page at skip=21900 — 100 records
2026-03-06 23:24:45 - INFO - Fetched page at skip=22000 — 100 records
2026-03-06 23:24:45 - INFO - Fetched page at skip=22100 — 100 records
2026-03-06 23:24:46 - INFO - Fetched page at skip=22200 — 100 records
2026-03-06 23:24:46 - INFO - Fetched page at skip=22300 — 100 records
2026-03-06 23:24:46 - INFO - Fetched page at skip=22400 — 100 records
2026-03-06 23:24:46 - INFO - Fetched page at skip=22500 — 100 records
2026-03-06 23:24:47 - INFO - Fetched page at skip=22600 — 100 records
2026-03-06 23:24:48 - INFO - Fetched page at skip=22700 — 100 records
2026-03-06 23:24:48 - INFO - Fetched page at skip=22800 — 100 records
2026-03-06 23:24:48 - INFO - Fetched page at skip=22900 — 100 records
2026-03-06 23:24:48 - INFO - Fetched page at skip=23000 — 100 records
2026-03-06 23:24:48 - INFO - Fetched page at skip=23100 — 100 records
2026-03-06 23:24:49 - INFO - Fetched page at skip=23300 — 100 records
2026-03-06 23:24:49 - INFO - Fetched page at skip=23200 — 100 records
2026-03-06 23:24:49 - INFO - Fetched page at skip=23400 — 100 records
2026-03-06 23:24:49 - INFO - Fetched page at skip=23600 — 100 records
2026-03-06 23:24:49 - INFO - Fetched page at skip=23500 — 100 records
2026-03-06 23:24:50 - INFO - Fetched page at skip=23800 — 100 records
2026-03-06 23:24:50 - INFO - Fetched page at skip=23900 — 100 records
2026-03-06 23:24:50 - INFO - Fetched page at skip=23700 — 100 records
2026-03-06 23:24:51 - INFO - Fetched page at skip=24000 — 100 records
2026-03-06 23:24:51 - INFO - Fetched page at skip=24100 — 100 records
2026-03-06 23:24:52 - INFO - Fetched page at skip=24200 — 100 records
2026-03-06 23:24:52 - INFO - Fetched page at skip=24400 — 100 records
2026-03-06 23:24:52 - INFO - Fetched page at skip=24300 — 100 records
2026-03-06 23:24:52 - INFO - Fetched page at skip=24500 — 100 records
2026-03-06 23:24:52 - INFO - Fetched page at skip=24600 — 100 records
2026-03-06 23:24:53 - INFO - Fetched page at skip=24700 — 100 records
2026-03-06 23:24:53 - INFO - Fetched page at skip=24900 — 100 records
2026-03-06 23:24:53 - INFO - Fetched page at skip=24800 — 100 records
2026-03-06 23:24:53 - ERROR - Error at skip=25100: HTTPError - 400 Client Error: Bad Request for url: https://api.fda.gov/drug/drugsfda.json?limit=100&skip=25100&api_key=l7BWrBKKdfXeJQArV29MUbOSWgebqUX56anPvIAA
2026-03-06 23:24:54 - INFO - Fetched page at skip=25000 — 100 records
2026-03-06 23:24:55 - ERROR - Error at skip=25200: HTTPError - 400 Client Error: Bad Request for url: https://api.fda.gov/drug/drugsfda.json?limit=100&skip=25200&api_key=l7BWrBKKdfXeJQArV29MUbOSWgebqUX56anPvIAA
2026-03-06 23:24:55 - ERROR - Error at skip=25300: HTTPError - 400 Client Error: Bad Request for url: https://api.fda.gov/drug/drugsfda.json?limit=100&skip=25300&api_key=l7BWrBKKdfXeJQArV29MUbOSWgebqUX56anPvIAA
2026-03-06 23:24:55 - ERROR - Error at skip=25400: HTTPError - 400 Client Error: Bad Request for url: https://api.fda.gov/drug/drugsfda.json?limit=100&skip=25400&api_key=l7BWrBKKdfXeJQArV29MUbOSWgebqUX56anPvIAA
2026-03-06 23:24:55 - ERROR - Error at skip=25500: HTTPError - 400 Client Error: Bad Request for url: https://api.fda.gov/drug/drugsfda.json?limit=100&skip=25500&api_key=l7BWrBKKdfXeJQArV29MUbOSWgebqUX56anPvIAA
2026-03-06 23:24:56 - ERROR - Error at skip=25100: HTTPError - 400 Client Error: Bad Request for url: https://api.fda.gov/drug/drugsfda.json?limit=100&skip=25100&api_key=l7BWrBKKdfXeJQArV29MUbOSWgebqUX56anPvIAA
2026-03-06 23:24:57 - ERROR - Error at skip=25200: HTTPError - 400 Client Error: Bad Request for url: https://api.fda.gov/drug/drugsfda.json?limit=100&skip=25200&api_key=l7BWrBKKdfXeJQArV29MUbOSWgebqUX56anPvIAA
2026-03-06 23:24:57 - ERROR - Error at skip=25300: HTTPError - 400 Client Error: Bad Request for url: https://api.fda.gov/drug/drugsfda.json?limit=100&skip=25300&api_key=l7BWrBKKdfXeJQArV29MUbOSWgebqUX56anPvIAA
2026-03-06 23:24:58 - ERROR - Error at skip=25400: HTTPError - 400 Client Error: Bad Request for url: https://api.fda.gov/drug/drugsfda.json?limit=100&skip=25400&api_key=l7BWrBKKdfXeJQArV29MUbOSWgebqUX56anPvIAA
2026-03-06 23:24:58 - ERROR - Error at skip=25500: HTTPError - 400 Client Error: Bad Request for url: https://api.fda.gov/drug/drugsfda.json?limit=100&skip=25500&api_key=l7BWrBKKdfXeJQArV29MUbOSWgebqUX56anPvIAA
2026-03-06 23:24:59 - ERROR - Error at skip=25100: HTTPError - 400 Client Error: Bad Request for url: https://api.fda.gov/drug/drugsfda.json?limit=100&skip=25100&api_key=l7BWrBKKdfXeJQArV29MUbOSWgebqUX56anPvIAA
2026-03-06 23:25:00 - ERROR - Error at skip=25200: HTTPError - 400 Client Error: Bad Request for url: https://api.fda.gov/drug/drugsfda.json?limit=100&skip=25200&api_key=l7BWrBKKdfXeJQArV29MUbOSWgebqUX56anPvIAA
2026-03-06 23:25:00 - ERROR - Error at skip=25300: HTTPError - 400 Client Error: Bad Request for url: https://api.fda.gov/drug/drugsfda.json?limit=100&skip=25300&api_key=l7BWrBKKdfXeJQArV29MUbOSWgebqUX56anPvIAA
2026-03-06 23:25:00 - ERROR - Error at skip=25400: HTTPError - 400 Client Error: Bad Request for url: https://api.fda.gov/drug/drugsfda.json?limit=100&skip=25400&api_key=l7BWrBKKdfXeJQArV29MUbOSWgebqUX56anPvIAA
2026-03-06 23:25:00 - ERROR - Error at skip=25500: HTTPError - 400 Client Error: Bad Request for url: https://api.fda.gov/drug/drugsfda.json?limit=100&skip=25500&api_key=l7BWrBKKdfXeJQArV29MUbOSWgebqUX56anPvIAA
2026-03-06 23:25:01 - ERROR - Failed after 3 attempts at skip=25100
2026-03-06 23:25:02 - ERROR - Failed after 3 attempts at skip=25200
2026-03-06 23:25:02 - ERROR - Error at skip=25600: HTTPError - 400 Client Error: Bad Request for url: https://api.fda.gov/drug/drugsfda.json?limit=100&skip=25600&api_key=l7BWrBKKdfXeJQArV29MUbOSWgebqUX56anPvIAA
2026-03-06 23:25:02 - ERROR - Failed after 3 attempts at skip=25300
2026-03-06 23:25:02 - ERROR - Failed after 3 attempts at skip=25400
2026-03-06 23:25:02 - ERROR - Failed after 3 attempts at skip=25500
2026-03-06 23:25:03 - ERROR - Error at skip=25700: HTTPError - 400 Client Error: Bad Request for url: https://api.fda.gov/drug/drugsfda.json?limit=100&skip=25700&api_key=l7BWrBKKdfXeJQArV29MUbOSWgebqUX56anPvIAA
2026-03-06 23:25:03 - ERROR - Error at skip=25800: HTTPError - 400 Client Error: Bad Request for url: https://api.fda.gov/drug/drugsfda.json?limit=100&skip=25800&api_key=l7BWrBKKdfXeJQArV29MUbOSWgebqUX56anPvIAA
2026-03-06 23:25:04 - ERROR - Error at skip=25900: HTTPError - 400 Client Error: Bad Request for url: https://api.fda.gov/drug/drugsfda.json?limit=100&skip=25900&api_key=l7BWrBKKdfXeJQArV29MUbOSWgebqUX56anPvIAA
2026-03-06 23:25:04 - ERROR - Error at skip=26000: HTTPError - 400 Client Error: Bad Request for url: https://api.fda.gov/drug/drugsfda.json?limit=100&skip=26000&api_key=l7BWrBKKdfXeJQArV29MUbOSWgebqUX56anPvIAA
2026-03-06 23:25:05 - ERROR - Error at skip=25600: HTTPError - 400 Client Error: Bad Request for url: https://api.fda.gov/drug/drugsfda.json?limit=100&skip=25600&api_key=l7BWrBKKdfXeJQArV29MUbOSWgebqUX56anPvIAA
2026-03-06 23:25:06 - ERROR - Error at skip=25700: HTTPError - 400 Client Error: Bad Request for url: https://api.fda.gov/drug/drugsfda.json?limit=100&skip=25700&api_key=l7BWrBKKdfXeJQArV29MUbOSWgebqUX56anPvIAA
2026-03-06 23:25:06 - ERROR - Error at skip=25800: HTTPError - 400 Client Error: Bad Request for url: https://api.fda.gov/drug/drugsfda.json?limit=100&skip=25800&api_key=l7BWrBKKdfXeJQArV29MUbOSWgebqUX56anPvIAA
2026-03-06 23:25:06 - ERROR - Error at skip=25900: HTTPError - 400 Client Error: Bad Request for url: https://api.fda.gov/drug/drugsfda.json?limit=100&skip=25900&api_key=l7BWrBKKdfXeJQArV29MUbOSWgebqUX56anPvIAA
2026-03-06 23:25:06 - ERROR - Error at skip=26000: HTTPError - 400 Client Error: Bad Request for url: https://api.fda.gov/drug/drugsfda.json?limit=100&skip=26000&api_key=l7BWrBKKdfXeJQArV29MUbOSWgebqUX56anPvIAA
2026-03-06 23:25:07 - ERROR - Error at skip=25600: HTTPError - 400 Client Error: Bad Request for url: https://api.fda.gov/drug/drugsfda.json?limit=100&skip=25600&api_key=l7BWrBKKdfXeJQArV29MUbOSWgebqUX56anPvIAA
2026-03-06 23:25:09 - ERROR - Error at skip=25700: HTTPError - 400 Client Error: Bad Request for url: https://api.fda.gov/drug/drugsfda.json?limit=100&skip=25700&api_key=l7BWrBKKdfXeJQArV29MUbOSWgebqUX56anPvIAA
2026-03-06 23:25:09 - ERROR - Error at skip=25800: HTTPError - 400 Client Error: Bad Request for url: https://api.fda.gov/drug/drugsfda.json?limit=100&skip=25800&api_key=l7BWrBKKdfXeJQArV29MUbOSWgebqUX56anPvIAA
2026-03-06 23:25:09 - ERROR - Error at skip=25900: HTTPError - 400 Client Error: Bad Request for url: https://api.fda.gov/drug/drugsfda.json?limit=100&skip=25900&api_key=l7BWrBKKdfXeJQArV29MUbOSWgebqUX56anPvIAA
2026-03-06 23:25:09 - ERROR - Error at skip=26000: HTTPError - 400 Client Error: Bad Request for url: https://api.fda.gov/drug/drugsfda.json?limit=100&skip=26000&api_key=l7BWrBKKdfXeJQArV29MUbOSWgebqUX56anPvIAA
2026-03-06 23:25:09 - ERROR - Failed after 3 attempts at skip=25600
2026-03-06 23:25:11 - ERROR - Error at skip=26100: HTTPError - 400 Client Error: Bad Request for url: https://api.fda.gov/drug/drugsfda.json?limit=100&skip=26100&api_key=l7BWrBKKdfXeJQArV29MUbOSWgebqUX56anPvIAA
2026-03-06 23:25:11 - ERROR - Failed after 3 attempts at skip=25700
2026-03-06 23:25:11 - ERROR - Failed after 3 attempts at skip=25800
2026-03-06 23:25:11 - ERROR - Failed after 3 attempts at skip=25900
2026-03-06 23:25:11 - ERROR - Failed after 3 attempts at skip=26000
2026-03-06 23:25:12 - ERROR - Error at skip=26200: HTTPError - 400 Client Error: Bad Request for url: https://api.fda.gov/drug/drugsfda.json?limit=100&skip=26200&api_key=l7BWrBKKdfXeJQArV29MUbOSWgebqUX56anPvIAA
2026-03-06 23:25:12 - ERROR - Error at skip=26300: HTTPError - 400 Client Error: Bad Request for url: https://api.fda.gov/drug/drugsfda.json?limit=100&skip=26300&api_key=l7BWrBKKdfXeJQArV29MUbOSWgebqUX56anPvIAA
2026-03-06 23:25:12 - ERROR - Error at skip=26500: HTTPError - 400 Client Error: Bad Request for url: https://api.fda.gov/drug/drugsfda.json?limit=100&skip=26500&api_key=l7BWrBKKdfXeJQArV29MUbOSWgebqUX56anPvIAA
2026-03-06 23:25:12 - ERROR - Error at skip=26400: HTTPError - 400 Client Error: Bad Request for url: https://api.fda.gov/drug/drugsfda.json?limit=100&skip=26400&api_key=l7BWrBKKdfXeJQArV29MUbOSWgebqUX56anPvIAA
2026-03-06 23:25:13 - ERROR - Error at skip=26100: HTTPError - 400 Client Error: Bad Request for url: https://api.fda.gov/drug/drugsfda.json?limit=100&skip=26100&api_key=l7BWrBKKdfXeJQArV29MUbOSWgebqUX56anPvIAA
2026-03-06 23:25:15 - ERROR - Error at skip=26200: HTTPError - 400 Client Error: Bad Request for url: https://api.fda.gov/drug/drugsfda.json?limit=100&skip=26200&api_key=l7BWrBKKdfXeJQArV29MUbOSWgebqUX56anPvIAA
2026-03-06 23:25:15 - ERROR - Error at skip=26300: HTTPError - 400 Client Error: Bad Request for url: https://api.fda.gov/drug/drugsfda.json?limit=100&skip=26300&api_key=l7BWrBKKdfXeJQArV29MUbOSWgebqUX56anPvIAA
2026-03-06 23:25:15 - ERROR - Error at skip=26500: HTTPError - 400 Client Error: Bad Request for url: https://api.fda.gov/drug/drugsfda.json?limit=100&skip=26500&api_key=l7BWrBKKdfXeJQArV29MUbOSWgebqUX56anPvIAA
2026-03-06 23:25:15 - ERROR - Error at skip=26400: HTTPError - 400 Client Error: Bad Request for url: https://api.fda.gov/drug/drugsfda.json?limit=100&skip=26400&api_key=l7BWrBKKdfXeJQArV29MUbOSWgebqUX56anPvIAA
2026-03-06 23:25:16 - ERROR - Error at skip=26100: HTTPError - 400 Client Error: Bad Request for url: https://api.fda.gov/drug/drugsfda.json?limit=100&skip=26100&api_key=l7BWrBKKdfXeJQArV29MUbOSWgebqUX56anPvIAA
2026-03-06 23:25:17 - ERROR - Error at skip=26200: HTTPError - 400 Client Error: Bad Request for url: https://api.fda.gov/drug/drugsfda.json?limit=100&skip=26200&api_key=l7BWrBKKdfXeJQArV29MUbOSWgebqUX56anPvIAA
2026-03-06 23:25:17 - ERROR - Error at skip=26300: HTTPError - 400 Client Error: Bad Request for url: https://api.fda.gov/drug/drugsfda.json?limit=100&skip=26300&api_key=l7BWrBKKdfXeJQArV29MUbOSWgebqUX56anPvIAA
2026-03-06 23:25:18 - ERROR - Error at skip=26500: HTTPError - 400 Client Error: Bad Request for url: https://api.fda.gov/drug/drugsfda.json?limit=100&skip=26500&api_key=l7BWrBKKdfXeJQArV29MUbOSWgebqUX56anPvIAA
2026-03-06 23:25:18 - ERROR - Error at skip=26400: HTTPError - 400 Client Error: Bad Request for url: https://api.fda.gov/drug/drugsfda.json?limit=100&skip=26400&api_key=l7BWrBKKdfXeJQArV29MUbOSWgebqUX56anPvIAA
2026-03-06 23:25:18 - ERROR - Failed after 3 attempts at skip=26100
2026-03-06 23:25:19 - ERROR - Error at skip=26600: HTTPError - 400 Client Error: Bad Request for url: https://api.fda.gov/drug/drugsfda.json?limit=100&skip=26600&api_key=l7BWrBKKdfXeJQArV29MUbOSWgebqUX56anPvIAA
2026-03-06 23:25:19 - ERROR - Failed after 3 attempts at skip=26200
2026-03-06 23:25:19 - ERROR - Failed after 3 attempts at skip=26300
2026-03-06 23:25:20 - ERROR - Failed after 3 attempts at skip=26500
2026-03-06 23:25:20 - ERROR - Failed after 3 attempts at skip=26400
2026-03-06 23:25:21 - ERROR - Error at skip=26700: HTTPError - 400 Client Error: Bad Request for url: https://api.fda.gov/drug/drugsfda.json?limit=100&skip=26700&api_key=l7BWrBKKdfXeJQArV29MUbOSWgebqUX56anPvIAA
2026-03-06 23:25:21 - ERROR - Error at skip=26800: HTTPError - 400 Client Error: Bad Request for url: https://api.fda.gov/drug/drugsfda.json?limit=100&skip=26800&api_key=l7BWrBKKdfXeJQArV29MUbOSWgebqUX56anPvIAA
2026-03-06 23:25:21 - ERROR - Error at skip=26900: HTTPError - 400 Client Error: Bad Request for url: https://api.fda.gov/drug/drugsfda.json?limit=100&skip=26900&api_key=l7BWrBKKdfXeJQArV29MUbOSWgebqUX56anPvIAA
2026-03-06 23:25:21 - ERROR - Error at skip=27000: HTTPError - 400 Client Error: Bad Request for url: https://api.fda.gov/drug/drugsfda.json?limit=100&skip=27000&api_key=l7BWrBKKdfXeJQArV29MUbOSWgebqUX56anPvIAA
2026-03-06 23:25:22 - ERROR - Error at skip=26600: HTTPError - 400 Client Error: Bad Request for url: https://api.fda.gov/drug/drugsfda.json?limit=100&skip=26600&api_key=l7BWrBKKdfXeJQArV29MUbOSWgebqUX56anPvIAA
2026-03-06 23:25:24 - ERROR - Error at skip=26700: HTTPError - 400 Client Error: Bad Request for url: https://api.fda.gov/drug/drugsfda.json?limit=100&skip=26700&api_key=l7BWrBKKdfXeJQArV29MUbOSWgebqUX56anPvIAA
2026-03-06 23:25:24 - ERROR - Error at skip=26800: HTTPError - 400 Client Error: Bad Request for url: https://api.fda.gov/drug/drugsfda.json?limit=100&skip=26800&api_key=l7BWrBKKdfXeJQArV29MUbOSWgebqUX56anPvIAA
2026-03-06 23:25:24 - ERROR - Error at skip=26900: HTTPError - 400 Client Error: Bad Request for url: https://api.fda.gov/drug/drugsfda.json?limit=100&skip=26900&api_key=l7BWrBKKdfXeJQArV29MUbOSWgebqUX56anPvIAA
2026-03-06 23:25:24 - ERROR - Error at skip=27000: HTTPError - 400 Client Error: Bad Request for url: https://api.fda.gov/drug/drugsfda.json?limit=100&skip=27000&api_key=l7BWrBKKdfXeJQArV29MUbOSWgebqUX56anPvIAA
2026-03-06 23:25:25 - ERROR - Error at skip=26600: HTTPError - 400 Client Error: Bad Request for url: https://api.fda.gov/drug/drugsfda.json?limit=100&skip=26600&api_key=l7BWrBKKdfXeJQArV29MUbOSWgebqUX56anPvIAA
2026-03-06 23:25:27 - ERROR - Error at skip=26700: HTTPError - 400 Client Error: Bad Request for url: https://api.fda.gov/drug/drugsfda.json?limit=100&skip=26700&api_key=l7BWrBKKdfXeJQArV29MUbOSWgebqUX56anPvIAA
2026-03-06 23:25:27 - ERROR - Error at skip=26800: HTTPError - 400 Client Error: Bad Request for url: https://api.fda.gov/drug/drugsfda.json?limit=100&skip=26800&api_key=l7BWrBKKdfXeJQArV29MUbOSWgebqUX56anPvIAA
2026-03-06 23:25:27 - ERROR - Failed after 3 attempts at skip=26600
2026-03-06 23:25:27 - ERROR - Error at skip=26900: HTTPError - 400 Client Error: Bad Request for url: https://api.fda.gov/drug/drugsfda.json?limit=100&skip=26900&api_key=l7BWrBKKdfXeJQArV29MUbOSWgebqUX56anPvIAA
2026-03-06 23:25:27 - ERROR - Error at skip=27000: HTTPError - 400 Client Error: Bad Request for url: https://api.fda.gov/drug/drugsfda.json?limit=100&skip=27000&api_key=l7BWrBKKdfXeJQArV29MUbOSWgebqUX56anPvIAA
2026-03-06 23:25:28 - ERROR - Error at skip=27100: HTTPError - 400 Client Error: Bad Request for url: https://api.fda.gov/drug/drugsfda.json?limit=100&skip=27100&api_key=l7BWrBKKdfXeJQArV29MUbOSWgebqUX56anPvIAA
2026-03-06 23:25:29 - ERROR - Failed after 3 attempts at skip=26700
2026-03-06 23:25:29 - ERROR - Failed after 3 attempts at skip=26800
2026-03-06 23:25:29 - ERROR - Failed after 3 attempts at skip=26900
2026-03-06 23:25:29 - ERROR - Failed after 3 attempts at skip=27000
2026-03-06 23:25:30 - ERROR - Error at skip=27200: HTTPError - 400 Client Error: Bad Request for url: https://api.fda.gov/drug/drugsfda.json?limit=100&skip=27200&api_key=l7BWrBKKdfXeJQArV29MUbOSWgebqUX56anPvIAA
2026-03-06 23:25:30 - ERROR - Error at skip=27300: HTTPError - 400 Client Error: Bad Request for url: https://api.fda.gov/drug/drugsfda.json?limit=100&skip=27300&api_key=l7BWrBKKdfXeJQArV29MUbOSWgebqUX56anPvIAA
2026-03-06 23:25:30 - ERROR - Error at skip=27400: HTTPError - 400 Client Error: Bad Request for url: https://api.fda.gov/drug/drugsfda.json?limit=100&skip=27400&api_key=l7BWrBKKdfXeJQArV29MUbOSWgebqUX56anPvIAA
2026-03-06 23:25:30 - ERROR - Error at skip=27500: HTTPError - 400 Client Error: Bad Request for url: https://api.fda.gov/drug/drugsfda.json?limit=100&skip=27500&api_key=l7BWrBKKdfXeJQArV29MUbOSWgebqUX56anPvIAA
2026-03-06 23:25:31 - ERROR - Error at skip=27100: HTTPError - 400 Client Error: Bad Request for url: https://api.fda.gov/drug/drugsfda.json?limit=100&skip=27100&api_key=l7BWrBKKdfXeJQArV29MUbOSWgebqUX56anPvIAA
2026-03-06 23:25:32 - ERROR - Error at skip=27200: HTTPError - 400 Client Error: Bad Request for url: https://api.fda.gov/drug/drugsfda.json?limit=100&skip=27200&api_key=l7BWrBKKdfXeJQArV29MUbOSWgebqUX56anPvIAA
2026-03-06 23:25:33 - ERROR - Error at skip=27300: HTTPError - 400 Client Error: Bad Request for url: https://api.fda.gov/drug/drugsfda.json?limit=100&skip=27300&api_key=l7BWrBKKdfXeJQArV29MUbOSWgebqUX56anPvIAA
2026-03-06 23:25:33 - ERROR - Error at skip=27400: HTTPError - 400 Client Error: Bad Request for url: https://api.fda.gov/drug/drugsfda.json?limit=100&skip=27400&api_key=l7BWrBKKdfXeJQArV29MUbOSWgebqUX56anPvIAA
2026-03-06 23:25:33 - ERROR - Error at skip=27500: HTTPError - 400 Client Error: Bad Request for url: https://api.fda.gov/drug/drugsfda.json?limit=100&skip=27500&api_key=l7BWrBKKdfXeJQArV29MUbOSWgebqUX56anPvIAA
2026-03-06 23:25:33 - ERROR - Error at skip=27100: HTTPError - 400 Client Error: Bad Request for url: https://api.fda.gov/drug/drugsfda.json?limit=100&skip=27100&api_key=l7BWrBKKdfXeJQArV29MUbOSWgebqUX56anPvIAA
2026-03-06 23:25:35 - ERROR - Error at skip=27200: HTTPError - 400 Client Error: Bad Request for url: https://api.fda.gov/drug/drugsfda.json?limit=100&skip=27200&api_key=l7BWrBKKdfXeJQArV29MUbOSWgebqUX56anPvIAA
2026-03-06 23:25:35 - ERROR - Error at skip=27300: HTTPError - 400 Client Error: Bad Request for url: https://api.fda.gov/drug/drugsfda.json?limit=100&skip=27300&api_key=l7BWrBKKdfXeJQArV29MUbOSWgebqUX56anPvIAA
2026-03-06 23:25:35 - ERROR - Failed after 3 attempts at skip=27100
2026-03-06 23:25:36 - ERROR - Error at skip=27400: HTTPError - 400 Client Error: Bad Request for url: https://api.fda.gov/drug/drugsfda.json?limit=100&skip=27400&api_key=l7BWrBKKdfXeJQArV29MUbOSWgebqUX56anPvIAA
2026-03-06 23:25:36 - ERROR - Error at skip=27500: HTTPError - 400 Client Error: Bad Request for url: https://api.fda.gov/drug/drugsfda.json?limit=100&skip=27500&api_key=l7BWrBKKdfXeJQArV29MUbOSWgebqUX56anPvIAA
2026-03-06 23:25:37 - ERROR - Error at skip=27600: HTTPError - 400 Client Error: Bad Request for url: https://api.fda.gov/drug/drugsfda.json?limit=100&skip=27600&api_key=l7BWrBKKdfXeJQArV29MUbOSWgebqUX56anPvIAA
2026-03-06 23:25:37 - ERROR - Failed after 3 attempts at skip=27200
2026-03-06 23:25:37 - ERROR - Failed after 3 attempts at skip=27300
2026-03-06 23:25:38 - ERROR - Failed after 3 attempts at skip=27400
2026-03-06 23:25:38 - ERROR - Failed after 3 attempts at skip=27500
2026-03-06 23:25:38 - ERROR - Error at skip=27700: HTTPError - 400 Client Error: Bad Request for url: https://api.fda.gov/drug/drugsfda.json?limit=100&skip=27700&api_key=l7BWrBKKdfXeJQArV29MUbOSWgebqUX56anPvIAA
2026-03-06 23:25:38 - ERROR - Error at skip=27800: HTTPError - 400 Client Error: Bad Request for url: https://api.fda.gov/drug/drugsfda.json?limit=100&skip=27800&api_key=l7BWrBKKdfXeJQArV29MUbOSWgebqUX56anPvIAA
2026-03-06 23:25:39 - ERROR - Error at skip=27900: HTTPError - 400 Client Error: Bad Request for url: https://api.fda.gov/drug/drugsfda.json?limit=100&skip=27900&api_key=l7BWrBKKdfXeJQArV29MUbOSWgebqUX56anPvIAA
2026-03-06 23:25:39 - ERROR - Error at skip=28000: HTTPError - 400 Client Error: Bad Request for url: https://api.fda.gov/drug/drugsfda.json?limit=100&skip=28000&api_key=l7BWrBKKdfXeJQArV29MUbOSWgebqUX56anPvIAA
2026-03-06 23:25:39 - ERROR - Error at skip=27600: HTTPError - 400 Client Error: Bad Request for url: https://api.fda.gov/drug/drugsfda.json?limit=100&skip=27600&api_key=l7BWrBKKdfXeJQArV29MUbOSWgebqUX56anPvIAA
2026-03-06 23:25:41 - ERROR - Error at skip=27800: HTTPError - 400 Client Error: Bad Request for url: https://api.fda.gov/drug/drugsfda.json?limit=100&skip=27800&api_key=l7BWrBKKdfXeJQArV29MUbOSWgebqUX56anPvIAA
2026-03-06 23:25:41 - ERROR - Error at skip=27700: HTTPError - 400 Client Error: Bad Request for url: https://api.fda.gov/drug/drugsfda.json?limit=100&skip=27700&api_key=l7BWrBKKdfXeJQArV29MUbOSWgebqUX56anPvIAA
2026-03-06 23:25:41 - ERROR - Error at skip=27900: HTTPError - 400 Client Error: Bad Request for url: https://api.fda.gov/drug/drugsfda.json?limit=100&skip=27900&api_key=l7BWrBKKdfXeJQArV29MUbOSWgebqUX56anPvIAA
2026-03-06 23:25:42 - ERROR - Error at skip=28000: HTTPError - 400 Client Error: Bad Request for url: https://api.fda.gov/drug/drugsfda.json?limit=100&skip=28000&api_key=l7BWrBKKdfXeJQArV29MUbOSWgebqUX56anPvIAA
2026-03-06 23:25:42 - ERROR - Error at skip=27600: HTTPError - 400 Client Error: Bad Request for url: https://api.fda.gov/drug/drugsfda.json?limit=100&skip=27600&api_key=l7BWrBKKdfXeJQArV29MUbOSWgebqUX56anPvIAA
2026-03-06 23:25:44 - ERROR - Error at skip=27800: HTTPError - 400 Client Error: Bad Request for url: https://api.fda.gov/drug/drugsfda.json?limit=100&skip=27800&api_key=l7BWrBKKdfXeJQArV29MUbOSWgebqUX56anPvIAA
2026-03-06 23:25:44 - ERROR - Failed after 3 attempts at skip=27600
2026-03-06 23:25:44 - ERROR - Error at skip=27700: HTTPError - 400 Client Error: Bad Request for url: https://api.fda.gov/drug/drugsfda.json?limit=100&skip=27700&api_key=l7BWrBKKdfXeJQArV29MUbOSWgebqUX56anPvIAA
2026-03-06 23:25:44 - ERROR - Error at skip=27900: HTTPError - 400 Client Error: Bad Request for url: https://api.fda.gov/drug/drugsfda.json?limit=100&skip=27900&api_key=l7BWrBKKdfXeJQArV29MUbOSWgebqUX56anPvIAA
2026-03-06 23:25:44 - ERROR - Error at skip=28000: HTTPError - 400 Client Error: Bad Request for url: https://api.fda.gov/drug/drugsfda.json?limit=100&skip=28000&api_key=l7BWrBKKdfXeJQArV29MUbOSWgebqUX56anPvIAA
2026-03-06 23:25:45 - ERROR - Error at skip=28100: HTTPError - 400 Client Error: Bad Request for url: https://api.fda.gov/drug/drugsfda.json?limit=100&skip=28100&api_key=l7BWrBKKdfXeJQArV29MUbOSWgebqUX56anPvIAA
2026-03-06 23:25:46 - ERROR - Failed after 3 attempts at skip=27800
2026-03-06 23:25:46 - ERROR - Failed after 3 attempts at skip=27700
2026-03-06 23:25:46 - ERROR - Failed after 3 attempts at skip=27900
2026-03-06 23:25:46 - ERROR - Failed after 3 attempts at skip=28000
2026-03-06 23:25:47 - ERROR - Error at skip=28300: HTTPError - 400 Client Error: Bad Request for url: https://api.fda.gov/drug/drugsfda.json?limit=100&skip=28300&api_key=l7BWrBKKdfXeJQArV29MUbOSWgebqUX56anPvIAA
2026-03-06 23:25:47 - ERROR - Error at skip=28200: HTTPError - 400 Client Error: Bad Request for url: https://api.fda.gov/drug/drugsfda.json?limit=100&skip=28200&api_key=l7BWrBKKdfXeJQArV29MUbOSWgebqUX56anPvIAA
2026-03-06 23:25:47 - ERROR - Error at skip=28400: HTTPError - 400 Client Error: Bad Request for url: https://api.fda.gov/drug/drugsfda.json?limit=100&skip=28400&api_key=l7BWrBKKdfXeJQArV29MUbOSWgebqUX56anPvIAA
2026-03-06 23:25:47 - ERROR - Error at skip=28500: HTTPError - 400 Client Error: Bad Request for url: https://api.fda.gov/drug/drugsfda.json?limit=100&skip=28500&api_key=l7BWrBKKdfXeJQArV29MUbOSWgebqUX56anPvIAA
2026-03-06 23:25:48 - ERROR - Error at skip=28100: HTTPError - 400 Client Error: Bad Request for url: https://api.fda.gov/drug/drugsfda.json?limit=100&skip=28100&api_key=l7BWrBKKdfXeJQArV29MUbOSWgebqUX56anPvIAA
2026-03-06 23:25:50 - ERROR - Error at skip=28300: HTTPError - 400 Client Error: Bad Request for url: https://api.fda.gov/drug/drugsfda.json?limit=100&skip=28300&api_key=l7BWrBKKdfXeJQArV29MUbOSWgebqUX56anPvIAA
2026-03-06 23:25:50 - ERROR - Error at skip=28200: HTTPError - 400 Client Error: Bad Request for url: https://api.fda.gov/drug/drugsfda.json?limit=100&skip=28200&api_key=l7BWrBKKdfXeJQArV29MUbOSWgebqUX56anPvIAA
2026-03-06 23:25:50 - ERROR - Error at skip=28400: HTTPError - 400 Client Error: Bad Request for url: https://api.fda.gov/drug/drugsfda.json?limit=100&skip=28400&api_key=l7BWrBKKdfXeJQArV29MUbOSWgebqUX56anPvIAA
2026-03-06 23:25:50 - ERROR - Error at skip=28500: HTTPError - 400 Client Error: Bad Request for url: https://api.fda.gov/drug/drugsfda.json?limit=100&skip=28500&api_key=l7BWrBKKdfXeJQArV29MUbOSWgebqUX56anPvIAA
2026-03-06 23:25:50 - ERROR - Error at skip=28100: HTTPError - 400 Client Error: Bad Request for url: https://api.fda.gov/drug/drugsfda.json?limit=100&skip=28100&api_key=l7BWrBKKdfXeJQArV29MUbOSWgebqUX56anPvIAA
2026-03-06 23:25:52 - ERROR - Failed after 3 attempts at skip=28100
2026-03-06 23:25:53 - ERROR - Error at skip=28200: HTTPError - 400 Client Error: Bad Request for url: https://api.fda.gov/drug/drugsfda.json?limit=100&skip=28200&api_key=l7BWrBKKdfXeJQArV29MUbOSWgebqUX56anPvIAA
2026-03-06 23:25:53 - ERROR - Error at skip=28300: HTTPError - 400 Client Error: Bad Request for url: https://api.fda.gov/drug/drugsfda.json?limit=100&skip=28300&api_key=l7BWrBKKdfXeJQArV29MUbOSWgebqUX56anPvIAA
2026-03-06 23:25:53 - ERROR - Error at skip=28400: HTTPError - 400 Client Error: Bad Request for url: https://api.fda.gov/drug/drugsfda.json?limit=100&skip=28400&api_key=l7BWrBKKdfXeJQArV29MUbOSWgebqUX56anPvIAA
2026-03-06 23:25:53 - ERROR - Error at skip=28500: HTTPError - 400 Client Error: Bad Request for url: https://api.fda.gov/drug/drugsfda.json?limit=100&skip=28500&api_key=l7BWrBKKdfXeJQArV29MUbOSWgebqUX56anPvIAA
2026-03-06 23:25:54 - ERROR - Error at skip=28600: HTTPError - 400 Client Error: Bad Request for url: https://api.fda.gov/drug/drugsfda.json?limit=100&skip=28600&api_key=l7BWrBKKdfXeJQArV29MUbOSWgebqUX56anPvIAA
2026-03-06 23:25:55 - ERROR - Failed after 3 attempts at skip=28200
2026-03-06 23:25:55 - ERROR - Failed after 3 attempts at skip=28300
2026-03-06 23:25:55 - ERROR - Failed after 3 attempts at skip=28400
2026-03-06 23:25:55 - ERROR - Failed after 3 attempts at skip=28500
2026-03-06 23:25:56 - ERROR - Error at skip=28700: HTTPError - 400 Client Error: Bad Request for url: https://api.fda.gov/drug/drugsfda.json?limit=100&skip=28700&api_key=l7BWrBKKdfXeJQArV29MUbOSWgebqUX56anPvIAA
2026-03-06 23:25:56 - ERROR - Error at skip=28800: HTTPError - 400 Client Error: Bad Request for url: https://api.fda.gov/drug/drugsfda.json?limit=100&skip=28800&api_key=l7BWrBKKdfXeJQArV29MUbOSWgebqUX56anPvIAA
2026-03-06 23:25:56 - ERROR - Error at skip=28600: HTTPError - 400 Client Error: Bad Request for url: https://api.fda.gov/drug/drugsfda.json?limit=100&skip=28600&api_key=l7BWrBKKdfXeJQArV29MUbOSWgebqUX56anPvIAA
2026-03-06 23:25:58 - ERROR - Error at skip=28800: HTTPError - 400 Client Error: Bad Request for url: https://api.fda.gov/drug/drugsfda.json?limit=100&skip=28800&api_key=l7BWrBKKdfXeJQArV29MUbOSWgebqUX56anPvIAA
2026-03-06 23:25:59 - ERROR - Error at skip=28700: HTTPError - 400 Client Error: Bad Request for url: https://api.fda.gov/drug/drugsfda.json?limit=100&skip=28700&api_key=l7BWrBKKdfXeJQArV29MUbOSWgebqUX56anPvIAA
2026-03-06 23:25:59 - ERROR - Error at skip=28600: HTTPError - 400 Client Error: Bad Request for url: https://api.fda.gov/drug/drugsfda.json?limit=100&skip=28600&api_key=l7BWrBKKdfXeJQArV29MUbOSWgebqUX56anPvIAA
2026-03-06 23:26:01 - ERROR - Failed after 3 attempts at skip=28600
2026-03-06 23:26:01 - ERROR - Error at skip=28800: HTTPError - 400 Client Error: Bad Request for url: https://api.fda.gov/drug/drugsfda.json?limit=100&skip=28800&api_key=l7BWrBKKdfXeJQArV29MUbOSWgebqUX56anPvIAA
2026-03-06 23:26:01 - ERROR - Error at skip=28700: HTTPError - 400 Client Error: Bad Request for url: https://api.fda.gov/drug/drugsfda.json?limit=100&skip=28700&api_key=l7BWrBKKdfXeJQArV29MUbOSWgebqUX56anPvIAA
2026-03-06 23:26:03 - ERROR - Failed after 3 attempts at skip=28800
2026-03-06 23:26:03 - ERROR - Failed after 3 attempts at skip=28700
2026-03-06 23:26:03 - INFO - Total fetched: 25100/28900
2026-03-06 23:26:03 - INFO - Built bronze_df with shape: (25100, 10)
2026-03-06 23:26:04 - INFO - Loaded 25100 records into bronze.raw_fda_approvals
2026-03-06 23:26:04 - INFO - Done.
