2026-03-18 00:00:10 - INFO - Starting FDA shortages ingestion...
2026-03-18 00:00:11 - INFO - Total records: 1685
2026-03-18 00:00:11 - INFO - Fetched: 100/1685
2026-03-18 00:00:12 - INFO - Fetched: 200/1685
2026-03-18 00:00:13 - INFO - Fetched: 300/1685
2026-03-18 00:00:14 - INFO - Fetched: 400/1685
2026-03-18 00:00:15 - INFO - Fetched: 500/1685
2026-03-18 00:00:16 - INFO - Fetched: 600/1685
2026-03-18 00:00:16 - INFO - Fetched: 700/1685
2026-03-18 00:00:17 - INFO - Fetched: 800/1685
2026-03-18 00:00:18 - INFO - Fetched: 900/1685
2026-03-18 00:00:19 - INFO - Fetched: 1000/1685
2026-03-18 00:00:20 - INFO - Fetched: 1100/1685
2026-03-18 00:00:20 - INFO - Fetched: 1200/1685
2026-03-18 00:00:21 - INFO - Fetched: 1300/1685
2026-03-18 00:00:22 - INFO - Fetched: 1400/1685
2026-03-18 00:00:23 - INFO - Fetched: 1500/1685
2026-03-18 00:00:24 - INFO - Fetched: 1600/1685
2026-03-18 00:00:25 - INFO - Fetched: 1685/1685
2026-03-18 00:00:25 - INFO - Built bronze_df with shape: (1664, 22)
2026-03-18 00:00:26 - INFO - Loaded 1664 records into bronze.raw_fda_shortages
2026-03-18 00:00:26 - INFO - Done.
