2026-03-06 17:43:50 - INFO - Starting FDA shortages ingestion...
2026-03-06 17:43:52 - INFO - Total records: 1677
2026-03-06 17:43:52 - INFO - Fetched: 100/1677
2026-03-06 17:43:53 - INFO - Fetched: 200/1677
2026-03-06 17:43:54 - INFO - Fetched: 300/1677
2026-03-06 17:43:55 - INFO - Fetched: 400/1677
2026-03-06 17:43:56 - INFO - Fetched: 500/1677
2026-03-06 17:43:57 - INFO - Fetched: 600/1677
2026-03-06 17:43:58 - INFO - Fetched: 700/1677
2026-03-06 17:43:59 - INFO - Fetched: 800/1677
2026-03-06 17:44:00 - INFO - Fetched: 900/1677
2026-03-06 17:44:01 - INFO - Fetched: 1000/1677
2026-03-06 17:44:02 - INFO - Fetched: 1100/1677
2026-03-06 17:44:03 - INFO - Fetched: 1200/1677
2026-03-06 17:44:04 - INFO - Fetched: 1300/1677
2026-03-06 17:44:05 - INFO - Fetched: 1400/1677
2026-03-06 17:44:06 - INFO - Fetched: 1500/1677
2026-03-06 17:44:07 - INFO - Fetched: 1600/1677
2026-03-06 17:44:08 - INFO - Fetched: 1677/1677
2026-03-06 17:44:08 - INFO - Built bronze_df with shape: (1656, 22)
2026-03-06 17:44:09 - INFO - Loaded 1656 records into bronze.raw_fda_shortages
2026-03-06 17:44:09 - INFO - Done.
