2026-03-06 22:24:36 - INFO - Starting FDA recalls ingestion...
2026-03-06 22:24:37 - INFO - Total records to fetch: 17416
2026-03-06 22:24:38 - INFO - Fetched page at skip=0 — 100 records
2026-03-06 22:24:38 - INFO - Fetched page at skip=200 — 100 records
2026-03-06 22:24:38 - INFO - Fetched page at skip=100 — 100 records
2026-03-06 22:24:38 - INFO - Fetched page at skip=300 — 100 records
2026-03-06 22:24:38 - INFO - Fetched page at skip=400 — 100 records
2026-03-06 22:24:39 - INFO - Fetched page at skip=500 — 100 records
2026-03-06 22:24:39 - INFO - Fetched page at skip=700 — 100 records
2026-03-06 22:24:39 - INFO - Fetched page at skip=800 — 100 records
2026-03-06 22:24:39 - INFO - Fetched page at skip=900 — 100 records
2026-03-06 22:24:39 - INFO - Fetched page at skip=600 — 100 records
2026-03-06 22:24:40 - INFO - Fetched page at skip=1000 — 100 records
2026-03-06 22:24:40 - INFO - Fetched page at skip=1100 — 100 records
2026-03-06 22:24:40 - INFO - Fetched page at skip=1200 — 100 records
2026-03-06 22:24:40 - INFO - Fetched page at skip=1300 — 100 records
2026-03-06 22:24:41 - INFO - Fetched page at skip=1400 — 100 records
2026-03-06 22:24:41 - INFO - Fetched page at skip=1600 — 100 records
2026-03-06 22:24:41 - INFO - Fetched page at skip=1500 — 100 records
2026-03-06 22:24:41 - INFO - Fetched page at skip=1700 — 100 records
2026-03-06 22:24:41 - INFO - Fetched page at skip=1800 — 100 records
2026-03-06 22:24:42 - INFO - Fetched page at skip=1900 — 100 records
2026-03-06 22:24:42 - INFO - Fetched page at skip=2000 — 100 records
2026-03-06 22:24:42 - INFO - Fetched page at skip=2100 — 100 records
2026-03-06 22:24:43 - INFO - Fetched page at skip=2200 — 100 records
2026-03-06 22:24:43 - INFO - Fetched page at skip=2300 — 100 records
2026-03-06 22:24:43 - INFO - Fetched page at skip=2400 — 100 records
2026-03-06 22:24:43 - INFO - Fetched page at skip=2600 — 100 records
2026-03-06 22:24:43 - INFO - Fetched page at skip=2500 — 100 records
2026-03-06 22:24:43 - INFO - Fetched page at skip=2700 — 100 records
2026-03-06 22:24:44 - INFO - Fetched page at skip=2800 — 100 records
2026-03-06 22:24:44 - INFO - Fetched page at skip=2900 — 100 records
2026-03-06 22:24:44 - INFO - Fetched page at skip=3000 — 100 records
2026-03-06 22:24:44 - INFO - Fetched page at skip=3100 — 100 records
2026-03-06 22:24:44 - INFO - Fetched page at skip=3200 — 100 records
2026-03-06 22:24:44 - INFO - Fetched page at skip=3300 — 100 records
2026-03-06 22:24:45 - INFO - Fetched page at skip=3400 — 100 records
2026-03-06 22:24:45 - INFO - Fetched page at skip=3600 — 100 records
2026-03-06 22:24:45 - INFO - Fetched page at skip=3500 — 100 records
2026-03-06 22:24:45 - INFO - Fetched page at skip=3800 — 100 records
2026-03-06 22:24:45 - INFO - Fetched page at skip=3700 — 100 records
2026-03-06 22:24:45 - INFO - Fetched page at skip=3900 — 100 records
2026-03-06 22:24:46 - INFO - Fetched page at skip=4000 — 100 records
2026-03-06 22:24:46 - INFO - Fetched page at skip=4100 — 100 records
2026-03-06 22:24:46 - INFO - Fetched page at skip=4400 — 100 records
2026-03-06 22:24:46 - INFO - Fetched page at skip=4300 — 100 records
2026-03-06 22:24:46 - INFO - Fetched page at skip=4200 — 100 records
2026-03-06 22:24:47 - INFO - Fetched page at skip=4500 — 100 records
2026-03-06 22:24:47 - INFO - Fetched page at skip=4600 — 100 records
2026-03-06 22:24:47 - INFO - Fetched page at skip=4800 — 100 records
2026-03-06 22:24:47 - INFO - Fetched page at skip=4700 — 100 records
2026-03-06 22:24:47 - INFO - Fetched page at skip=4900 — 100 records
2026-03-06 22:24:48 - INFO - Fetched page at skip=5000 — 100 records
2026-03-06 22:24:48 - INFO - Fetched page at skip=5300 — 100 records
2026-03-06 22:24:48 - INFO - Fetched page at skip=5200 — 100 records
2026-03-06 22:24:49 - INFO - Fetched page at skip=5100 — 100 records
2026-03-06 22:24:49 - INFO - Fetched page at skip=5400 — 100 records
2026-03-06 22:24:49 - INFO - Fetched page at skip=5500 — 100 records
2026-03-06 22:24:49 - INFO - Fetched page at skip=5600 — 100 records
2026-03-06 22:24:49 - INFO - Fetched page at skip=5700 — 100 records
2026-03-06 22:24:50 - INFO - Fetched page at skip=5900 — 100 records
2026-03-06 22:24:50 - INFO - Fetched page at skip=6000 — 100 records
2026-03-06 22:24:50 - INFO - Fetched page at skip=5800 — 100 records
2026-03-06 22:24:50 - INFO - Fetched page at skip=6100 — 100 records
2026-03-06 22:24:50 - INFO - Fetched page at skip=6200 — 100 records
2026-03-06 22:24:51 - INFO - Fetched page at skip=6300 — 100 records
2026-03-06 22:24:51 - INFO - Fetched page at skip=6500 — 100 records
2026-03-06 22:24:51 - INFO - Fetched page at skip=6400 — 100 records
2026-03-06 22:24:51 - INFO - Fetched page at skip=6700 — 100 records
2026-03-06 22:24:51 - INFO - Fetched page at skip=6600 — 100 records
2026-03-06 22:24:52 - INFO - Fetched page at skip=6800 — 100 records
2026-03-06 22:24:52 - INFO - Fetched page at skip=6900 — 100 records
2026-03-06 22:24:52 - INFO - Fetched page at skip=7000 — 100 records
2026-03-06 22:24:53 - INFO - Fetched page at skip=7100 — 100 records
2026-03-06 22:24:53 - INFO - Fetched page at skip=7200 — 100 records
2026-03-06 22:24:53 - INFO - Fetched page at skip=7300 — 100 records
2026-03-06 22:24:53 - INFO - Fetched page at skip=7500 — 100 records
2026-03-06 22:24:54 - INFO - Fetched page at skip=7400 — 100 records
2026-03-06 22:24:54 - INFO - Fetched page at skip=7800 — 100 records
2026-03-06 22:24:54 - INFO - Fetched page at skip=7700 — 100 records
2026-03-06 22:24:54 - INFO - Fetched page at skip=7600 — 100 records
2026-03-06 22:24:55 - INFO - Fetched page at skip=8000 — 100 records
2026-03-06 22:24:55 - INFO - Fetched page at skip=7900 — 100 records
2026-03-06 22:24:55 - INFO - Fetched page at skip=8300 — 100 records
2026-03-06 22:24:55 - INFO - Fetched page at skip=8100 — 100 records
2026-03-06 22:24:55 - INFO - Fetched page at skip=8200 — 100 records
2026-03-06 22:24:56 - INFO - Fetched page at skip=8400 — 100 records
2026-03-06 22:24:56 - INFO - Fetched page at skip=8500 — 100 records
2026-03-06 22:24:56 - INFO - Fetched page at skip=8600 — 100 records
2026-03-06 22:24:56 - INFO - Fetched page at skip=8700 — 100 records
2026-03-06 22:24:56 - INFO - Fetched page at skip=8800 — 100 records
2026-03-06 22:24:57 - INFO - Fetched page at skip=8900 — 100 records
2026-03-06 22:24:57 - INFO - Fetched page at skip=9100 — 100 records
2026-03-06 22:24:57 - INFO - Fetched page at skip=9200 — 100 records
2026-03-06 22:24:57 - INFO - Fetched page at skip=9000 — 100 records
2026-03-06 22:24:57 - INFO - Fetched page at skip=9300 — 100 records
2026-03-06 22:24:58 - INFO - Fetched page at skip=9400 — 100 records
2026-03-06 22:24:58 - INFO - Fetched page at skip=9500 — 100 records
2026-03-06 22:24:58 - INFO - Fetched page at skip=9600 — 100 records
2026-03-06 22:24:58 - INFO - Fetched page at skip=9800 — 100 records
2026-03-06 22:24:58 - INFO - Fetched page at skip=9700 — 100 records
2026-03-06 22:24:59 - INFO - Fetched page at skip=9900 — 100 records
2026-03-06 22:24:59 - INFO - Fetched page at skip=10100 — 100 records
2026-03-06 22:24:59 - INFO - Fetched page at skip=10000 — 100 records
2026-03-06 22:24:59 - INFO - Fetched page at skip=10200 — 100 records
2026-03-06 22:24:59 - INFO - Fetched page at skip=10300 — 100 records
2026-03-06 22:25:00 - INFO - Fetched page at skip=10400 — 100 records
2026-03-06 22:25:00 - INFO - Fetched page at skip=10500 — 100 records
2026-03-06 22:25:00 - INFO - Fetched page at skip=10600 — 100 records
2026-03-06 22:25:00 - INFO - Fetched page at skip=10700 — 100 records
2026-03-06 22:25:00 - INFO - Fetched page at skip=10800 — 100 records
2026-03-06 22:25:01 - INFO - Fetched page at skip=10900 — 100 records
2026-03-06 22:25:01 - INFO - Fetched page at skip=11000 — 100 records
2026-03-06 22:25:01 - INFO - Fetched page at skip=11300 — 100 records
2026-03-06 22:25:01 - INFO - Fetched page at skip=11200 — 100 records
2026-03-06 22:25:01 - INFO - Fetched page at skip=11100 — 100 records
2026-03-06 22:25:02 - INFO - Fetched page at skip=11400 — 100 records
2026-03-06 22:25:02 - INFO - Fetched page at skip=11500 — 100 records
2026-03-06 22:25:02 - INFO - Fetched page at skip=11800 — 100 records
2026-03-06 22:25:02 - INFO - Fetched page at skip=11600 — 100 records
2026-03-06 22:25:02 - INFO - Fetched page at skip=11700 — 100 records
2026-03-06 22:25:03 - INFO - Fetched page at skip=11900 — 100 records
2026-03-06 22:25:03 - INFO - Fetched page at skip=12000 — 100 records
2026-03-06 22:25:03 - INFO - Fetched page at skip=12100 — 100 records
2026-03-06 22:25:03 - INFO - Fetched page at skip=12200 — 100 records
2026-03-06 22:25:04 - INFO - Fetched page at skip=12300 — 100 records
2026-03-06 22:25:04 - INFO - Fetched page at skip=12400 — 100 records
2026-03-06 22:25:04 - INFO - Fetched page at skip=12500 — 100 records
2026-03-06 22:25:05 - INFO - Fetched page at skip=12600 — 100 records
2026-03-06 22:25:05 - INFO - Fetched page at skip=12800 — 100 records
2026-03-06 22:25:05 - INFO - Fetched page at skip=12700 — 100 records
2026-03-06 22:25:05 - INFO - Fetched page at skip=12900 — 100 records
2026-03-06 22:25:05 - INFO - Fetched page at skip=13000 — 100 records
2026-03-06 22:25:05 - INFO - Fetched page at skip=13100 — 100 records
2026-03-06 22:25:06 - INFO - Fetched page at skip=13300 — 100 records
2026-03-06 22:25:06 - INFO - Fetched page at skip=13400 — 100 records
2026-03-06 22:25:06 - INFO - Fetched page at skip=13500 — 100 records
2026-03-06 22:25:06 - INFO - Fetched page at skip=13200 — 100 records
2026-03-06 22:25:06 - INFO - Fetched page at skip=13600 — 100 records
2026-03-06 22:25:07 - INFO - Fetched page at skip=13900 — 100 records
2026-03-06 22:25:07 - INFO - Fetched page at skip=13700 — 100 records
2026-03-06 22:25:07 - INFO - Fetched page at skip=13800 — 100 records
2026-03-06 22:25:07 - INFO - Fetched page at skip=14100 — 100 records
2026-03-06 22:25:07 - INFO - Fetched page at skip=14000 — 100 records
2026-03-06 22:25:08 - INFO - Fetched page at skip=14200 — 100 records
2026-03-06 22:25:08 - INFO - Fetched page at skip=14300 — 100 records
2026-03-06 22:25:08 - INFO - Fetched page at skip=14400 — 100 records
2026-03-06 22:25:08 - INFO - Fetched page at skip=14500 — 100 records
2026-03-06 22:25:08 - INFO - Fetched page at skip=14600 — 100 records
2026-03-06 22:25:09 - INFO - Fetched page at skip=14700 — 100 records
2026-03-06 22:25:09 - INFO - Fetched page at skip=14800 — 100 records
2026-03-06 22:25:09 - INFO - Fetched page at skip=14900 — 100 records
2026-03-06 22:25:09 - INFO - Fetched page at skip=15000 — 100 records
2026-03-06 22:25:09 - INFO - Fetched page at skip=15100 — 100 records
2026-03-06 22:25:10 - INFO - Fetched page at skip=15200 — 100 records
2026-03-06 22:25:10 - INFO - Fetched page at skip=15300 — 100 records
2026-03-06 22:25:10 - INFO - Fetched page at skip=15400 — 100 records
2026-03-06 22:25:10 - INFO - Fetched page at skip=15500 — 100 records
2026-03-06 22:25:10 - INFO - Fetched page at skip=15600 — 100 records
2026-03-06 22:25:11 - INFO - Fetched page at skip=15700 — 100 records
2026-03-06 22:25:11 - INFO - Fetched page at skip=15800 — 100 records
2026-03-06 22:25:11 - INFO - Fetched page at skip=15900 — 100 records
2026-03-06 22:25:11 - INFO - Fetched page at skip=16000 — 100 records
2026-03-06 22:25:11 - INFO - Fetched page at skip=16100 — 100 records
2026-03-06 22:25:12 - INFO - Fetched page at skip=16200 — 100 records
2026-03-06 22:25:12 - INFO - Fetched page at skip=16300 — 100 records
2026-03-06 22:25:12 - INFO - Fetched page at skip=16400 — 100 records
2026-03-06 22:25:12 - INFO - Fetched page at skip=16500 — 100 records
2026-03-06 22:25:12 - INFO - Fetched page at skip=16600 — 100 records
2026-03-06 22:25:13 - INFO - Fetched page at skip=16700 — 100 records
2026-03-06 22:25:13 - INFO - Fetched page at skip=16800 — 100 records
2026-03-06 22:25:13 - INFO - Fetched page at skip=16900 — 100 records
2026-03-06 22:25:13 - INFO - Fetched page at skip=17000 — 100 records
2026-03-06 22:25:13 - INFO - Fetched page at skip=17100 — 100 records
2026-03-06 22:25:13 - INFO - Fetched page at skip=17200 — 100 records
2026-03-06 22:25:14 - INFO - Fetched page at skip=17300 — 100 records
2026-03-06 22:25:14 - INFO - Fetched page at skip=17400 — 16 records
2026-03-06 22:25:14 - INFO - Total fetched: 17416/17416
2026-03-06 22:25:14 - INFO - Built bronze_df with shape: (17416, 25)
2026-03-06 22:25:15 - INFO - Loaded 17416 records into bronze.raw_fda_recalls
2026-03-06 22:25:15 - INFO - Done.
