2026-03-15 00:01:09 - INFO - Starting FDA shortages ingestion...
2026-03-15 00:01:10 - INFO - Total records: 1686
2026-03-15 00:01:10 - INFO - Fetched: 100/1686
2026-03-15 00:01:11 - INFO - Fetched: 200/1686
2026-03-15 00:01:11 - INFO - Fetched: 300/1686
2026-03-15 00:01:12 - INFO - Fetched: 400/1686
2026-03-15 00:01:13 - INFO - Fetched: 500/1686
2026-03-15 00:01:14 - INFO - Fetched: 600/1686
2026-03-15 00:01:15 - INFO - Fetched: 700/1686
2026-03-15 00:01:15 - INFO - Fetched: 800/1686
2026-03-15 00:01:16 - INFO - Fetched: 900/1686
2026-03-15 00:01:17 - INFO - Fetched: 1000/1686
2026-03-15 00:01:17 - INFO - Fetched: 1100/1686
2026-03-15 00:01:18 - INFO - Fetched: 1200/1686
2026-03-15 00:01:19 - INFO - Fetched: 1300/1686
2026-03-15 00:01:20 - INFO - Fetched: 1400/1686
2026-03-15 00:01:21 - INFO - Fetched: 1500/1686
2026-03-15 00:01:22 - INFO - Fetched: 1600/1686
2026-03-15 00:01:22 - INFO - Fetched: 1686/1686
2026-03-15 00:01:23 - INFO - Built bronze_df with shape: (1665, 22)
2026-03-15 00:01:24 - INFO - Loaded 1665 records into bronze.raw_fda_shortages
2026-03-15 00:01:24 - INFO - Done.
2026-03-15 00:22:49 - INFO - Starting FDA shortages ingestion...
2026-03-15 00:22:50 - INFO - Total records: 1686
2026-03-15 00:22:50 - INFO - Fetched: 100/1686
2026-03-15 00:22:50 - INFO - Fetched: 200/1686
2026-03-15 00:22:51 - INFO - Fetched: 300/1686
2026-03-15 00:22:52 - INFO - Fetched: 400/1686
2026-03-15 00:22:53 - INFO - Fetched: 500/1686
2026-03-15 00:22:53 - INFO - Fetched: 600/1686
2026-03-15 00:22:54 - INFO - Fetched: 700/1686
2026-03-15 00:22:55 - INFO - Fetched: 800/1686
2026-03-15 00:22:56 - INFO - Fetched: 900/1686
2026-03-15 00:22:57 - INFO - Fetched: 1000/1686
2026-03-15 00:22:58 - INFO - Fetched: 1100/1686
2026-03-15 00:22:58 - INFO - Fetched: 1200/1686
2026-03-15 00:22:59 - INFO - Fetched: 1300/1686
2026-03-15 00:23:00 - INFO - Fetched: 1400/1686
2026-03-15 00:23:00 - INFO - Fetched: 1500/1686
2026-03-15 00:23:01 - INFO - Fetched: 1600/1686
2026-03-15 00:23:02 - INFO - Fetched: 1686/1686
2026-03-15 00:23:02 - INFO - Built bronze_df with shape: (1665, 22)
2026-03-15 00:23:03 - INFO - Loaded 1665 records into bronze.raw_fda_shortages
2026-03-15 00:23:03 - INFO - Done.
2026-03-15 00:25:11 - INFO - Starting FDA shortages ingestion...
2026-03-15 00:25:12 - INFO - Total records: 1686
2026-03-15 00:25:12 - INFO - Fetched: 100/1686
2026-03-15 00:25:12 - INFO - Fetched: 200/1686
2026-03-15 00:25:13 - INFO - Fetched: 300/1686
2026-03-15 00:25:14 - INFO - Fetched: 400/1686
2026-03-15 00:25:15 - INFO - Fetched: 500/1686
2026-03-15 00:25:16 - INFO - Fetched: 600/1686
2026-03-15 00:25:17 - INFO - Fetched: 700/1686
2026-03-15 00:25:17 - INFO - Fetched: 800/1686
2026-03-15 00:25:18 - INFO - Fetched: 900/1686
2026-03-15 00:25:19 - INFO - Fetched: 1000/1686
2026-03-15 00:25:20 - INFO - Fetched: 1100/1686
2026-03-15 00:25:21 - INFO - Fetched: 1200/1686
2026-03-15 00:25:21 - INFO - Fetched: 1300/1686
2026-03-15 00:25:22 - INFO - Fetched: 1400/1686
2026-03-15 00:25:23 - ERROR - Request failed: 429 Client Error: Too Many Requests for url: https://api.fda.gov/drug/shortages.json?limit=100&skip=1400&api_key=l7BWrBKKdfXeJQArV29MUbOSWgebqUX56anPvIAA
2026-03-15 00:25:23 - INFO - Built bronze_df with shape: (1384, 22)
2026-03-15 00:25:23 - INFO - Loaded 1384 records into bronze.raw_fda_shortages
2026-03-15 00:25:23 - INFO - Done.
2026-03-15 01:49:44 - INFO - Starting FDA shortages ingestion...
2026-03-15 01:49:45 - INFO - Total records: 1686
2026-03-15 01:49:45 - INFO - Fetched: 100/1686
2026-03-15 01:49:45 - INFO - Fetched: 200/1686
2026-03-15 01:49:46 - INFO - Fetched: 300/1686
2026-03-15 01:49:47 - INFO - Fetched: 400/1686
2026-03-15 01:49:48 - INFO - Fetched: 500/1686
2026-03-15 01:49:48 - INFO - Fetched: 600/1686
2026-03-15 01:49:49 - INFO - Fetched: 700/1686
2026-03-15 01:49:50 - INFO - Fetched: 800/1686
2026-03-15 01:49:51 - INFO - Fetched: 900/1686
2026-03-15 01:49:51 - INFO - Fetched: 1000/1686
2026-03-15 01:49:52 - INFO - Fetched: 1100/1686
2026-03-15 01:49:53 - INFO - Fetched: 1200/1686
2026-03-15 01:49:53 - INFO - Fetched: 1300/1686
2026-03-15 01:49:54 - INFO - Fetched: 1400/1686
2026-03-15 01:49:55 - INFO - Fetched: 1500/1686
2026-03-15 01:49:55 - INFO - Fetched: 1600/1686
2026-03-15 01:49:56 - INFO - Fetched: 1686/1686
2026-03-15 01:49:56 - INFO - Built bronze_df with shape: (1665, 22)
2026-03-15 01:49:56 - INFO - Loaded 1665 records into bronze.raw_fda_shortages
2026-03-15 01:49:56 - INFO - Done.
2026-03-15 02:02:43 - INFO - Starting FDA shortages ingestion...
2026-03-15 02:02:44 - INFO - Total records: 1686
2026-03-15 02:02:44 - INFO - Fetched: 100/1686
2026-03-15 02:02:44 - INFO - Fetched: 200/1686
2026-03-15 02:02:45 - INFO - Fetched: 300/1686
2026-03-15 02:02:46 - INFO - Fetched: 400/1686
2026-03-15 02:02:46 - INFO - Fetched: 500/1686
2026-03-15 02:02:47 - INFO - Fetched: 600/1686
2026-03-15 02:02:48 - INFO - Fetched: 700/1686
2026-03-15 02:02:49 - INFO - Fetched: 800/1686
2026-03-15 02:02:49 - INFO - Fetched: 900/1686
2026-03-15 02:02:50 - INFO - Fetched: 1000/1686
2026-03-15 02:02:51 - INFO - Fetched: 1100/1686
2026-03-15 02:02:52 - INFO - Fetched: 1200/1686
2026-03-15 02:02:52 - INFO - Fetched: 1300/1686
2026-03-15 02:02:53 - INFO - Fetched: 1400/1686
2026-03-15 02:02:54 - INFO - Fetched: 1500/1686
2026-03-15 02:02:55 - INFO - Fetched: 1600/1686
2026-03-15 02:02:55 - INFO - Fetched: 1686/1686
2026-03-15 02:02:55 - INFO - Built bronze_df with shape: (1665, 22)
2026-03-15 02:02:56 - INFO - Loaded 1665 records into bronze.raw_fda_shortages
2026-03-15 02:02:56 - INFO - Done.
