2026-03-06 21:32:52 - INFO - Starting FDA recalls ingestion...
2026-03-06 21:32:53 - INFO - Total records: 17416
2026-03-06 21:32:53 - INFO - Fetched: 100/17416
2026-03-06 21:32:54 - INFO - Fetched: 200/17416
2026-03-06 21:32:55 - INFO - Fetched: 300/17416
2026-03-06 21:32:57 - INFO - Fetched: 400/17416
2026-03-06 21:32:58 - INFO - Fetched: 500/17416
2026-03-06 21:32:59 - INFO - Fetched: 600/17416
2026-03-06 21:33:00 - INFO - Fetched: 700/17416
2026-03-06 21:33:02 - INFO - Fetched: 800/17416
2026-03-06 21:33:03 - INFO - Fetched: 900/17416
2026-03-06 21:33:04 - INFO - Fetched: 1000/17416
2026-03-06 21:33:05 - INFO - Fetched: 1100/17416
2026-03-06 21:33:07 - INFO - Fetched: 1200/17416
2026-03-06 21:33:09 - INFO - Fetched: 1300/17416
2026-03-06 21:33:10 - INFO - Fetched: 1400/17416
2026-03-06 21:33:12 - INFO - Fetched: 1500/17416
2026-03-06 21:33:13 - INFO - Fetched: 1600/17416
2026-03-06 21:33:14 - INFO - Fetched: 1700/17416
2026-03-06 21:33:15 - INFO - Fetched: 1800/17416
2026-03-06 21:33:16 - INFO - Fetched: 1900/17416
2026-03-06 21:33:17 - INFO - Fetched: 2000/17416
2026-03-06 21:33:18 - INFO - Fetched: 2100/17416
2026-03-06 21:33:19 - INFO - Fetched: 2200/17416
2026-03-06 21:33:21 - INFO - Fetched: 2300/17416
2026-03-06 21:33:22 - INFO - Fetched: 2400/17416
2026-03-06 21:33:23 - INFO - Fetched: 2500/17416
2026-03-06 21:33:24 - INFO - Fetched: 2600/17416
2026-03-06 21:33:25 - INFO - Fetched: 2700/17416
2026-03-06 21:33:26 - INFO - Fetched: 2800/17416
2026-03-06 21:33:27 - INFO - Fetched: 2900/17416
2026-03-06 21:33:28 - INFO - Fetched: 3000/17416
2026-03-06 21:33:29 - INFO - Fetched: 3100/17416
2026-03-06 21:33:31 - INFO - Fetched: 3200/17416
2026-03-06 21:33:32 - INFO - Fetched: 3300/17416
2026-03-06 21:33:33 - INFO - Fetched: 3400/17416
2026-03-06 21:33:34 - INFO - Fetched: 3500/17416
2026-03-06 21:33:35 - INFO - Fetched: 3600/17416
2026-03-06 21:33:36 - INFO - Fetched: 3700/17416
2026-03-06 21:33:37 - INFO - Fetched: 3800/17416
2026-03-06 21:33:38 - INFO - Fetched: 3900/17416
2026-03-06 21:33:39 - INFO - Fetched: 4000/17416
2026-03-06 21:33:40 - INFO - Fetched: 4100/17416
2026-03-06 21:33:46 - INFO - Fetched: 4200/17416
2026-03-06 21:33:47 - INFO - Fetched: 4300/17416
2026-03-06 21:33:48 - INFO - Fetched: 4400/17416
2026-03-06 21:33:49 - INFO - Fetched: 4500/17416
2026-03-06 21:33:50 - INFO - Fetched: 4600/17416
2026-03-06 21:33:51 - INFO - Fetched: 4700/17416
2026-03-06 21:33:52 - INFO - Fetched: 4800/17416
2026-03-06 21:33:54 - INFO - Fetched: 4900/17416
2026-03-06 21:33:55 - INFO - Fetched: 5000/17416
2026-03-06 21:33:56 - INFO - Fetched: 5100/17416
2026-03-06 21:33:57 - INFO - Fetched: 5200/17416
2026-03-06 21:33:58 - INFO - Fetched: 5300/17416
2026-03-06 21:33:59 - INFO - Fetched: 5400/17416
2026-03-06 21:34:00 - INFO - Fetched: 5500/17416
2026-03-06 21:34:01 - INFO - Fetched: 5600/17416
2026-03-06 21:34:02 - INFO - Fetched: 5700/17416
2026-03-06 21:34:04 - INFO - Fetched: 5800/17416
2026-03-06 21:34:05 - INFO - Fetched: 5900/17416
2026-03-06 21:34:06 - INFO - Fetched: 6000/17416
2026-03-06 21:34:07 - INFO - Fetched: 6100/17416
2026-03-06 21:34:08 - INFO - Fetched: 6200/17416
2026-03-06 21:34:09 - INFO - Fetched: 6300/17416
2026-03-06 21:34:10 - INFO - Fetched: 6400/17416
2026-03-06 21:34:11 - INFO - Fetched: 6500/17416
2026-03-06 21:34:12 - INFO - Fetched: 6600/17416
2026-03-06 21:34:13 - INFO - Fetched: 6700/17416
2026-03-06 21:34:15 - INFO - Fetched: 6800/17416
2026-03-06 21:34:16 - INFO - Fetched: 6900/17416
2026-03-06 21:34:17 - INFO - Fetched: 7000/17416
2026-03-06 21:34:18 - INFO - Fetched: 7100/17416
2026-03-06 21:34:19 - INFO - Fetched: 7200/17416
2026-03-06 21:34:20 - INFO - Fetched: 7300/17416
2026-03-06 21:34:21 - INFO - Fetched: 7400/17416
2026-03-06 21:34:22 - INFO - Fetched: 7500/17416
2026-03-06 21:34:23 - INFO - Fetched: 7600/17416
2026-03-06 21:34:24 - INFO - Fetched: 7700/17416
2026-03-06 21:34:25 - INFO - Fetched: 7800/17416
2026-03-06 21:34:26 - INFO - Fetched: 7900/17416
2026-03-06 21:34:28 - INFO - Fetched: 8000/17416
2026-03-06 21:34:29 - INFO - Fetched: 8100/17416
2026-03-06 21:34:30 - INFO - Fetched: 8200/17416
2026-03-06 21:34:34 - INFO - Fetched: 8300/17416
2026-03-06 21:34:35 - INFO - Fetched: 8400/17416
2026-03-06 21:34:36 - INFO - Fetched: 8500/17416
2026-03-06 21:34:37 - INFO - Fetched: 8600/17416
2026-03-06 21:34:38 - INFO - Fetched: 8700/17416
2026-03-06 21:34:39 - INFO - Fetched: 8800/17416
2026-03-06 21:34:40 - INFO - Fetched: 8900/17416
2026-03-06 21:34:41 - INFO - Fetched: 9000/17416
2026-03-06 21:34:42 - INFO - Fetched: 9100/17416
2026-03-06 21:34:43 - INFO - Fetched: 9200/17416
2026-03-06 21:34:44 - INFO - Fetched: 9300/17416
2026-03-06 21:34:45 - INFO - Fetched: 9400/17416
2026-03-06 21:34:46 - INFO - Fetched: 9500/17416
2026-03-06 21:34:47 - INFO - Fetched: 9600/17416
2026-03-06 21:34:48 - INFO - Fetched: 9700/17416
2026-03-06 21:34:50 - INFO - Fetched: 9800/17416
2026-03-06 21:34:51 - INFO - Fetched: 9900/17416
2026-03-06 21:34:52 - INFO - Fetched: 10000/17416
2026-03-06 21:34:53 - INFO - Fetched: 10100/17416
2026-03-06 21:34:54 - INFO - Fetched: 10200/17416
2026-03-06 21:34:55 - INFO - Fetched: 10300/17416
2026-03-06 21:34:56 - INFO - Fetched: 10400/17416
2026-03-06 21:34:57 - INFO - Fetched: 10500/17416
2026-03-06 21:34:59 - INFO - Fetched: 10600/17416
2026-03-06 21:35:00 - INFO - Fetched: 10700/17416
2026-03-06 21:35:01 - INFO - Fetched: 10800/17416
2026-03-06 21:35:02 - INFO - Fetched: 10900/17416
2026-03-06 21:35:03 - INFO - Fetched: 11000/17416
2026-03-06 21:35:05 - INFO - Fetched: 11100/17416
2026-03-06 21:35:10 - INFO - Fetched: 11200/17416
2026-03-06 21:35:11 - INFO - Fetched: 11300/17416
2026-03-06 21:35:13 - INFO - Fetched: 11400/17416
2026-03-06 21:35:14 - INFO - Fetched: 11500/17416
2026-03-06 21:35:15 - INFO - Fetched: 11600/17416
2026-03-06 21:35:16 - INFO - Fetched: 11700/17416
2026-03-06 21:35:17 - INFO - Fetched: 11800/17416
2026-03-06 21:35:18 - INFO - Fetched: 11900/17416
2026-03-06 21:35:20 - INFO - Fetched: 12000/17416
2026-03-06 21:35:21 - INFO - Fetched: 12100/17416
2026-03-06 21:35:22 - INFO - Fetched: 12200/17416
2026-03-06 21:35:23 - INFO - Fetched: 12300/17416
2026-03-06 21:35:24 - INFO - Fetched: 12400/17416
2026-03-06 21:35:25 - INFO - Fetched: 12500/17416
2026-03-06 21:35:27 - INFO - Fetched: 12600/17416
2026-03-06 21:35:28 - INFO - Fetched: 12700/17416
2026-03-06 21:35:29 - INFO - Fetched: 12800/17416
2026-03-06 21:35:30 - INFO - Fetched: 12900/17416
2026-03-06 21:35:31 - INFO - Fetched: 13000/17416
2026-03-06 21:35:32 - INFO - Fetched: 13100/17416
2026-03-06 21:35:33 - INFO - Fetched: 13200/17416
2026-03-06 21:35:35 - INFO - Fetched: 13300/17416
2026-03-06 21:35:36 - INFO - Fetched: 13400/17416
2026-03-06 21:35:37 - INFO - Fetched: 13500/17416
2026-03-06 21:35:38 - INFO - Fetched: 13600/17416
2026-03-06 21:35:39 - INFO - Fetched: 13700/17416
2026-03-06 21:35:40 - INFO - Fetched: 13800/17416
2026-03-06 21:35:42 - INFO - Fetched: 13900/17416
2026-03-06 21:35:48 - INFO - Fetched: 14000/17416
2026-03-06 21:35:49 - INFO - Fetched: 14100/17416
2026-03-06 21:35:51 - INFO - Fetched: 14200/17416
2026-03-06 21:35:52 - INFO - Fetched: 14300/17416
2026-03-06 21:35:53 - INFO - Fetched: 14400/17416
2026-03-06 21:35:55 - INFO - Fetched: 14500/17416
2026-03-06 21:35:56 - INFO - Fetched: 14600/17416
2026-03-06 21:35:57 - INFO - Fetched: 14700/17416
2026-03-06 21:35:58 - INFO - Fetched: 14800/17416
2026-03-06 21:36:00 - INFO - Fetched: 14900/17416
2026-03-06 21:36:01 - INFO - Fetched: 15000/17416
2026-03-06 21:36:02 - INFO - Fetched: 15100/17416
2026-03-06 21:36:03 - INFO - Fetched: 15200/17416
2026-03-06 21:36:04 - INFO - Fetched: 15300/17416
2026-03-06 21:36:06 - INFO - Fetched: 15400/17416
2026-03-06 21:36:07 - INFO - Fetched: 15500/17416
2026-03-06 21:36:08 - INFO - Fetched: 15600/17416
2026-03-06 21:36:09 - INFO - Fetched: 15700/17416
2026-03-06 21:36:10 - INFO - Fetched: 15800/17416
2026-03-06 21:36:11 - INFO - Fetched: 15900/17416
2026-03-06 21:36:13 - INFO - Fetched: 16000/17416
2026-03-06 21:36:14 - INFO - Fetched: 16100/17416
2026-03-06 21:36:15 - INFO - Fetched: 16200/17416
2026-03-06 21:36:16 - INFO - Fetched: 16300/17416
2026-03-06 21:36:17 - INFO - Fetched: 16400/17416
2026-03-06 21:36:18 - INFO - Fetched: 16500/17416
2026-03-06 21:36:20 - INFO - Fetched: 16600/17416
2026-03-06 21:36:21 - INFO - Fetched: 16700/17416
2026-03-06 21:36:22 - INFO - Fetched: 16800/17416
2026-03-06 21:36:23 - INFO - Fetched: 16900/17416
2026-03-06 21:36:24 - INFO - Fetched: 17000/17416
2026-03-06 21:36:25 - INFO - Fetched: 17100/17416
2026-03-06 21:36:26 - INFO - Fetched: 17200/17416
2026-03-06 21:36:28 - INFO - Fetched: 17300/17416
2026-03-06 21:36:29 - INFO - Fetched: 17400/17416
2026-03-06 21:36:30 - INFO - Fetched: 17416/17416
2026-03-06 21:36:30 - INFO - Built bronze_df with shape: (17416, 25)
2026-03-06 21:36:33 - INFO - Loaded 17416 records into bronze.raw_fda_recalls
2026-03-06 21:36:33 - INFO - Done.
