2026-03-17 00:00:05 - INFO - Starting FDA shortages ingestion...
2026-03-17 00:00:06 - INFO - Total records: 1686
2026-03-17 00:00:06 - INFO - Fetched: 100/1686
2026-03-17 00:00:07 - INFO - Fetched: 200/1686
2026-03-17 00:00:08 - INFO - Fetched: 300/1686
2026-03-17 00:00:08 - INFO - Fetched: 400/1686
2026-03-17 00:00:09 - INFO - Fetched: 500/1686
2026-03-17 00:00:10 - INFO - Fetched: 600/1686
2026-03-17 00:00:11 - INFO - Fetched: 700/1686
2026-03-17 00:00:11 - INFO - Fetched: 800/1686
2026-03-17 00:00:12 - INFO - Fetched: 900/1686
2026-03-17 00:00:13 - INFO - Fetched: 1000/1686
2026-03-17 00:00:13 - INFO - Fetched: 1100/1686
2026-03-17 00:00:14 - INFO - Fetched: 1200/1686
2026-03-17 00:00:15 - INFO - Fetched: 1300/1686
2026-03-17 00:00:15 - INFO - Fetched: 1400/1686
2026-03-17 00:00:16 - INFO - Fetched: 1500/1686
2026-03-17 00:00:17 - INFO - Fetched: 1600/1686
2026-03-17 00:00:18 - INFO - Fetched: 1686/1686
2026-03-17 00:00:18 - INFO - Built bronze_df with shape: (1665, 22)
2026-03-17 00:00:18 - INFO - Loaded 1665 records into bronze.raw_fda_shortages
2026-03-17 00:00:18 - INFO - Done.
