2026-03-18 00:00:10 - INFO - Starting FDA recalls ingestion...
2026-03-18 00:00:11 - INFO - Total records to fetch: 17521
2026-03-18 00:00:12 - INFO - Fetched page at skip=0 — 100 records
2026-03-18 00:00:12 - INFO - Fetched page at skip=400 — 100 records
2026-03-18 00:00:12 - INFO - Fetched page at skip=200 — 100 records
2026-03-18 00:00:12 - INFO - Fetched page at skip=300 — 100 records
2026-03-18 00:00:12 - INFO - Fetched page at skip=100 — 100 records
2026-03-18 00:00:13 - INFO - Fetched page at skip=500 — 100 records
2026-03-18 00:00:13 - INFO - Fetched page at skip=600 — 100 records
2026-03-18 00:00:13 - INFO - Fetched page at skip=800 — 100 records
2026-03-18 00:00:13 - INFO - Fetched page at skip=900 — 100 records
2026-03-18 00:00:13 - INFO - Fetched page at skip=700 — 100 records
2026-03-18 00:00:14 - INFO - Fetched page at skip=1100 — 100 records
2026-03-18 00:00:14 - INFO - Fetched page at skip=1200 — 100 records
2026-03-18 00:00:14 - INFO - Fetched page at skip=1300 — 100 records
2026-03-18 00:00:14 - INFO - Fetched page at skip=1000 — 100 records
2026-03-18 00:00:14 - INFO - Fetched page at skip=1400 — 100 records
2026-03-18 00:00:14 - INFO - Fetched page at skip=1500 — 100 records
2026-03-18 00:00:14 - INFO - Fetched page at skip=1600 — 100 records
2026-03-18 00:00:15 - INFO - Fetched page at skip=1700 — 100 records
2026-03-18 00:00:15 - INFO - Fetched page at skip=1900 — 100 records
2026-03-18 00:00:15 - INFO - Fetched page at skip=1800 — 100 records
2026-03-18 00:00:15 - INFO - Fetched page at skip=2000 — 100 records
2026-03-18 00:00:15 - INFO - Fetched page at skip=2100 — 100 records
2026-03-18 00:00:15 - INFO - Fetched page at skip=2200 — 100 records
2026-03-18 00:00:16 - INFO - Fetched page at skip=2400 — 100 records
2026-03-18 00:00:16 - INFO - Fetched page at skip=2600 — 100 records
2026-03-18 00:00:16 - INFO - Fetched page at skip=2500 — 100 records
2026-03-18 00:00:16 - INFO - Fetched page at skip=2300 — 100 records
2026-03-18 00:00:16 - INFO - Fetched page at skip=2700 — 100 records
2026-03-18 00:00:17 - INFO - Fetched page at skip=3000 — 100 records
2026-03-18 00:00:17 - INFO - Fetched page at skip=2900 — 100 records
2026-03-18 00:00:17 - INFO - Fetched page at skip=3100 — 100 records
2026-03-18 00:00:17 - INFO - Fetched page at skip=2800 — 100 records
2026-03-18 00:00:17 - INFO - Fetched page at skip=3200 — 100 records
2026-03-18 00:00:17 - INFO - Fetched page at skip=3400 — 100 records
2026-03-18 00:00:17 - INFO - Fetched page at skip=3300 — 100 records
2026-03-18 00:00:18 - INFO - Fetched page at skip=3500 — 100 records
2026-03-18 00:00:18 - INFO - Fetched page at skip=3700 — 100 records
2026-03-18 00:00:18 - INFO - Fetched page at skip=3600 — 100 records
2026-03-18 00:00:18 - INFO - Fetched page at skip=3800 — 100 records
2026-03-18 00:00:18 - INFO - Fetched page at skip=3900 — 100 records
2026-03-18 00:00:18 - INFO - Fetched page at skip=4000 — 100 records
2026-03-18 00:00:18 - INFO - Fetched page at skip=4100 — 100 records
2026-03-18 00:00:19 - INFO - Fetched page at skip=4200 — 100 records
2026-03-18 00:00:19 - INFO - Fetched page at skip=4600 — 100 records
2026-03-18 00:00:19 - INFO - Fetched page at skip=4400 — 100 records
2026-03-18 00:00:19 - INFO - Fetched page at skip=4500 — 100 records
2026-03-18 00:00:19 - INFO - Fetched page at skip=4300 — 100 records
2026-03-18 00:00:20 - INFO - Fetched page at skip=4700 — 100 records
2026-03-18 00:00:20 - INFO - Fetched page at skip=4800 — 100 records
2026-03-18 00:00:20 - INFO - Fetched page at skip=5000 — 100 records
2026-03-18 00:00:20 - INFO - Fetched page at skip=5100 — 100 records
2026-03-18 00:00:20 - INFO - Fetched page at skip=4900 — 100 records
2026-03-18 00:00:21 - INFO - Fetched page at skip=5200 — 100 records
2026-03-18 00:00:21 - INFO - Fetched page at skip=5400 — 100 records
2026-03-18 00:00:21 - INFO - Fetched page at skip=5500 — 100 records
2026-03-18 00:00:21 - INFO - Fetched page at skip=5300 — 100 records
2026-03-18 00:00:21 - INFO - Fetched page at skip=5600 — 100 records
2026-03-18 00:00:22 - INFO - Fetched page at skip=5700 — 100 records
2026-03-18 00:00:22 - INFO - Fetched page at skip=5800 — 100 records
2026-03-18 00:00:22 - INFO - Fetched page at skip=5900 — 100 records
2026-03-18 00:00:22 - INFO - Fetched page at skip=6000 — 100 records
2026-03-18 00:00:22 - INFO - Fetched page at skip=6100 — 100 records
2026-03-18 00:00:22 - INFO - Fetched page at skip=6200 — 100 records
2026-03-18 00:00:23 - INFO - Fetched page at skip=6300 — 100 records
2026-03-18 00:00:23 - INFO - Fetched page at skip=6400 — 100 records
2026-03-18 00:00:23 - INFO - Fetched page at skip=6600 — 100 records
2026-03-18 00:00:23 - INFO - Fetched page at skip=6500 — 100 records
2026-03-18 00:00:23 - INFO - Fetched page at skip=6700 — 100 records
2026-03-18 00:00:24 - INFO - Fetched page at skip=6800 — 100 records
2026-03-18 00:00:24 - INFO - Fetched page at skip=7000 — 100 records
2026-03-18 00:00:24 - INFO - Fetched page at skip=6900 — 100 records
2026-03-18 00:00:24 - INFO - Fetched page at skip=7100 — 100 records
2026-03-18 00:00:24 - INFO - Fetched page at skip=7200 — 100 records
2026-03-18 00:00:24 - INFO - Fetched page at skip=7300 — 100 records
2026-03-18 00:00:25 - INFO - Fetched page at skip=7500 — 100 records
2026-03-18 00:00:25 - INFO - Fetched page at skip=7600 — 100 records
2026-03-18 00:00:25 - INFO - Fetched page at skip=7400 — 100 records
2026-03-18 00:00:25 - INFO - Fetched page at skip=7700 — 100 records
2026-03-18 00:00:26 - INFO - Fetched page at skip=8000 — 100 records
2026-03-18 00:00:26 - INFO - Fetched page at skip=7900 — 100 records
2026-03-18 00:00:26 - INFO - Fetched page at skip=7800 — 100 records
2026-03-18 00:00:26 - INFO - Fetched page at skip=8100 — 100 records
2026-03-18 00:00:26 - INFO - Fetched page at skip=8200 — 100 records
2026-03-18 00:00:26 - INFO - Fetched page at skip=8300 — 100 records
2026-03-18 00:00:27 - INFO - Fetched page at skip=8400 — 100 records
2026-03-18 00:00:27 - INFO - Fetched page at skip=8500 — 100 records
2026-03-18 00:00:27 - INFO - Fetched page at skip=8600 — 100 records
2026-03-18 00:00:27 - INFO - Fetched page at skip=8700 — 100 records
2026-03-18 00:00:27 - INFO - Fetched page at skip=8800 — 100 records
2026-03-18 00:00:27 - INFO - Fetched page at skip=8900 — 100 records
2026-03-18 00:00:28 - INFO - Fetched page at skip=9000 — 100 records
2026-03-18 00:00:28 - INFO - Fetched page at skip=9100 — 100 records
2026-03-18 00:00:28 - INFO - Fetched page at skip=9200 — 100 records
2026-03-18 00:00:28 - INFO - Fetched page at skip=9300 — 100 records
2026-03-18 00:00:28 - INFO - Fetched page at skip=9400 — 100 records
2026-03-18 00:00:29 - INFO - Fetched page at skip=9500 — 100 records
2026-03-18 00:00:29 - INFO - Fetched page at skip=9600 — 100 records
2026-03-18 00:00:29 - INFO - Fetched page at skip=9700 — 100 records
2026-03-18 00:00:29 - INFO - Fetched page at skip=9800 — 100 records
2026-03-18 00:00:29 - INFO - Fetched page at skip=10000 — 100 records
2026-03-18 00:00:29 - INFO - Fetched page at skip=9900 — 100 records
2026-03-18 00:00:30 - INFO - Fetched page at skip=10100 — 100 records
2026-03-18 00:00:30 - INFO - Fetched page at skip=10300 — 100 records
2026-03-18 00:00:30 - INFO - Fetched page at skip=10400 — 100 records
2026-03-18 00:00:30 - INFO - Fetched page at skip=10200 — 100 records
2026-03-18 00:00:30 - INFO - Fetched page at skip=10500 — 100 records
2026-03-18 00:00:31 - INFO - Fetched page at skip=10600 — 100 records
2026-03-18 00:00:31 - INFO - Fetched page at skip=10800 — 100 records
2026-03-18 00:00:31 - INFO - Fetched page at skip=11000 — 100 records
2026-03-18 00:00:31 - INFO - Fetched page at skip=10900 — 100 records
2026-03-18 00:00:31 - INFO - Fetched page at skip=10700 — 100 records
2026-03-18 00:00:32 - INFO - Fetched page at skip=11100 — 100 records
2026-03-18 00:00:32 - INFO - Fetched page at skip=11200 — 100 records
2026-03-18 00:00:32 - INFO - Fetched page at skip=11300 — 100 records
2026-03-18 00:00:32 - INFO - Fetched page at skip=11400 — 100 records
2026-03-18 00:00:32 - INFO - Fetched page at skip=11500 — 100 records
2026-03-18 00:00:33 - INFO - Fetched page at skip=11600 — 100 records
2026-03-18 00:00:33 - INFO - Fetched page at skip=11800 — 100 records
2026-03-18 00:00:33 - INFO - Fetched page at skip=11900 — 100 records
2026-03-18 00:00:33 - INFO - Fetched page at skip=12000 — 100 records
2026-03-18 00:00:33 - INFO - Fetched page at skip=12100 — 100 records
2026-03-18 00:00:34 - INFO - Fetched page at skip=12200 — 100 records
2026-03-18 00:00:34 - INFO - Fetched page at skip=12400 — 100 records
2026-03-18 00:00:34 - INFO - Fetched page at skip=12300 — 100 records
2026-03-18 00:00:35 - INFO - Fetched page at skip=12600 — 100 records
2026-03-18 00:00:35 - INFO - Fetched page at skip=11700 — 100 records
2026-03-18 00:00:35 - INFO - Fetched page at skip=12500 — 100 records
2026-03-18 00:00:35 - INFO - Fetched page at skip=12700 — 100 records
2026-03-18 00:00:35 - INFO - Fetched page at skip=12800 — 100 records
2026-03-18 00:00:36 - INFO - Fetched page at skip=13100 — 100 records
2026-03-18 00:00:36 - INFO - Fetched page at skip=12900 — 100 records
2026-03-18 00:00:36 - INFO - Fetched page at skip=13300 — 100 records
2026-03-18 00:00:37 - INFO - Fetched page at skip=13200 — 100 records
2026-03-18 00:00:37 - INFO - Fetched page at skip=13000 — 100 records
2026-03-18 00:00:37 - INFO - Fetched page at skip=13400 — 100 records
2026-03-18 00:00:37 - ERROR - Error at skip=13700: HTTPError - 429 Client Error: Too Many Requests for url: https://api.fda.gov/drug/enforcement.json?limit=100&skip=13700&api_key=l7BWrBKKdfXeJQArV29MUbOSWgebqUX56anPvIAA
2026-03-18 00:00:37 - INFO - Fetched page at skip=13500 — 100 records
2026-03-18 00:00:37 - ERROR - Error at skip=13800: HTTPError - 429 Client Error: Too Many Requests for url: https://api.fda.gov/drug/enforcement.json?limit=100&skip=13800&api_key=l7BWrBKKdfXeJQArV29MUbOSWgebqUX56anPvIAA
2026-03-18 00:00:37 - INFO - Fetched page at skip=13600 — 100 records
2026-03-18 00:00:37 - ERROR - Error at skip=13900: HTTPError - 429 Client Error: Too Many Requests for url: https://api.fda.gov/drug/enforcement.json?limit=100&skip=13900&api_key=l7BWrBKKdfXeJQArV29MUbOSWgebqUX56anPvIAA
2026-03-18 00:00:38 - ERROR - Error at skip=14000: HTTPError - 429 Client Error: Too Many Requests for url: https://api.fda.gov/drug/enforcement.json?limit=100&skip=14000&api_key=l7BWrBKKdfXeJQArV29MUbOSWgebqUX56anPvIAA
2026-03-18 00:00:38 - ERROR - Error at skip=14100: HTTPError - 429 Client Error: Too Many Requests for url: https://api.fda.gov/drug/enforcement.json?limit=100&skip=14100&api_key=l7BWrBKKdfXeJQArV29MUbOSWgebqUX56anPvIAA
2026-03-18 00:00:38 - ERROR - Error at skip=14200: HTTPError - 429 Client Error: Too Many Requests for url: https://api.fda.gov/drug/enforcement.json?limit=100&skip=14200&api_key=l7BWrBKKdfXeJQArV29MUbOSWgebqUX56anPvIAA
2026-03-18 00:00:38 - ERROR - Error at skip=14300: HTTPError - 429 Client Error: Too Many Requests for url: https://api.fda.gov/drug/enforcement.json?limit=100&skip=14300&api_key=l7BWrBKKdfXeJQArV29MUbOSWgebqUX56anPvIAA
2026-03-18 00:00:38 - ERROR - Error at skip=14400: HTTPError - 429 Client Error: Too Many Requests for url: https://api.fda.gov/drug/enforcement.json?limit=100&skip=14400&api_key=l7BWrBKKdfXeJQArV29MUbOSWgebqUX56anPvIAA
2026-03-18 00:00:38 - ERROR - Error at skip=14500: HTTPError - 429 Client Error: Too Many Requests for url: https://api.fda.gov/drug/enforcement.json?limit=100&skip=14500&api_key=l7BWrBKKdfXeJQArV29MUbOSWgebqUX56anPvIAA
2026-03-18 00:00:38 - ERROR - Error at skip=14600: HTTPError - 429 Client Error: Too Many Requests for url: https://api.fda.gov/drug/enforcement.json?limit=100&skip=14600&api_key=l7BWrBKKdfXeJQArV29MUbOSWgebqUX56anPvIAA
2026-03-18 00:00:38 - ERROR - Error at skip=14700: HTTPError - 429 Client Error: Too Many Requests for url: https://api.fda.gov/drug/enforcement.json?limit=100&skip=14700&api_key=l7BWrBKKdfXeJQArV29MUbOSWgebqUX56anPvIAA
2026-03-18 00:00:38 - ERROR - Error at skip=14900: HTTPError - 429 Client Error: Too Many Requests for url: https://api.fda.gov/drug/enforcement.json?limit=100&skip=14900&api_key=l7BWrBKKdfXeJQArV29MUbOSWgebqUX56anPvIAA
2026-03-18 00:00:38 - ERROR - Error at skip=14800: HTTPError - 429 Client Error: Too Many Requests for url: https://api.fda.gov/drug/enforcement.json?limit=100&skip=14800&api_key=l7BWrBKKdfXeJQArV29MUbOSWgebqUX56anPvIAA
2026-03-18 00:00:39 - ERROR - Error at skip=15000: HTTPError - 429 Client Error: Too Many Requests for url: https://api.fda.gov/drug/enforcement.json?limit=100&skip=15000&api_key=l7BWrBKKdfXeJQArV29MUbOSWgebqUX56anPvIAA
2026-03-18 00:00:39 - ERROR - Error at skip=15100: HTTPError - 429 Client Error: Too Many Requests for url: https://api.fda.gov/drug/enforcement.json?limit=100&skip=15100&api_key=l7BWrBKKdfXeJQArV29MUbOSWgebqUX56anPvIAA
2026-03-18 00:00:39 - ERROR - Error at skip=15200: HTTPError - 429 Client Error: Too Many Requests for url: https://api.fda.gov/drug/enforcement.json?limit=100&skip=15200&api_key=l7BWrBKKdfXeJQArV29MUbOSWgebqUX56anPvIAA
2026-03-18 00:00:39 - ERROR - Error at skip=15300: HTTPError - 429 Client Error: Too Many Requests for url: https://api.fda.gov/drug/enforcement.json?limit=100&skip=15300&api_key=l7BWrBKKdfXeJQArV29MUbOSWgebqUX56anPvIAA
2026-03-18 00:00:39 - ERROR - Error at skip=15400: HTTPError - 429 Client Error: Too Many Requests for url: https://api.fda.gov/drug/enforcement.json?limit=100&skip=15400&api_key=l7BWrBKKdfXeJQArV29MUbOSWgebqUX56anPvIAA
2026-03-18 00:00:39 - ERROR - Error at skip=15500: HTTPError - 429 Client Error: Too Many Requests for url: https://api.fda.gov/drug/enforcement.json?limit=100&skip=15500&api_key=l7BWrBKKdfXeJQArV29MUbOSWgebqUX56anPvIAA
2026-03-18 00:00:39 - ERROR - Error at skip=15700: HTTPError - 429 Client Error: Too Many Requests for url: https://api.fda.gov/drug/enforcement.json?limit=100&skip=15700&api_key=l7BWrBKKdfXeJQArV29MUbOSWgebqUX56anPvIAA
2026-03-18 00:00:39 - ERROR - Error at skip=15600: HTTPError - 429 Client Error: Too Many Requests for url: https://api.fda.gov/drug/enforcement.json?limit=100&skip=15600&api_key=l7BWrBKKdfXeJQArV29MUbOSWgebqUX56anPvIAA
2026-03-18 00:00:39 - ERROR - Error at skip=15800: HTTPError - 429 Client Error: Too Many Requests for url: https://api.fda.gov/drug/enforcement.json?limit=100&skip=15800&api_key=l7BWrBKKdfXeJQArV29MUbOSWgebqUX56anPvIAA
2026-03-18 00:00:40 - ERROR - Error at skip=15900: HTTPError - 429 Client Error: Too Many Requests for url: https://api.fda.gov/drug/enforcement.json?limit=100&skip=15900&api_key=l7BWrBKKdfXeJQArV29MUbOSWgebqUX56anPvIAA
2026-03-18 00:00:40 - ERROR - Error at skip=16000: HTTPError - 429 Client Error: Too Many Requests for url: https://api.fda.gov/drug/enforcement.json?limit=100&skip=16000&api_key=l7BWrBKKdfXeJQArV29MUbOSWgebqUX56anPvIAA
2026-03-18 00:00:40 - ERROR - Error at skip=16100: HTTPError - 429 Client Error: Too Many Requests for url: https://api.fda.gov/drug/enforcement.json?limit=100&skip=16100&api_key=l7BWrBKKdfXeJQArV29MUbOSWgebqUX56anPvIAA
2026-03-18 00:00:40 - ERROR - Error at skip=16200: HTTPError - 429 Client Error: Too Many Requests for url: https://api.fda.gov/drug/enforcement.json?limit=100&skip=16200&api_key=l7BWrBKKdfXeJQArV29MUbOSWgebqUX56anPvIAA
2026-03-18 00:00:40 - ERROR - Error at skip=16300: HTTPError - 429 Client Error: Too Many Requests for url: https://api.fda.gov/drug/enforcement.json?limit=100&skip=16300&api_key=l7BWrBKKdfXeJQArV29MUbOSWgebqUX56anPvIAA
2026-03-18 00:00:40 - ERROR - Error at skip=16400: HTTPError - 429 Client Error: Too Many Requests for url: https://api.fda.gov/drug/enforcement.json?limit=100&skip=16400&api_key=l7BWrBKKdfXeJQArV29MUbOSWgebqUX56anPvIAA
2026-03-18 00:00:40 - ERROR - Error at skip=16500: HTTPError - 429 Client Error: Too Many Requests for url: https://api.fda.gov/drug/enforcement.json?limit=100&skip=16500&api_key=l7BWrBKKdfXeJQArV29MUbOSWgebqUX56anPvIAA
2026-03-18 00:00:41 - ERROR - Error at skip=16600: HTTPError - 429 Client Error: Too Many Requests for url: https://api.fda.gov/drug/enforcement.json?limit=100&skip=16600&api_key=l7BWrBKKdfXeJQArV29MUbOSWgebqUX56anPvIAA
2026-03-18 00:00:41 - ERROR - Error at skip=16700: HTTPError - 429 Client Error: Too Many Requests for url: https://api.fda.gov/drug/enforcement.json?limit=100&skip=16700&api_key=l7BWrBKKdfXeJQArV29MUbOSWgebqUX56anPvIAA
2026-03-18 00:00:41 - ERROR - Error at skip=16800: HTTPError - 429 Client Error: Too Many Requests for url: https://api.fda.gov/drug/enforcement.json?limit=100&skip=16800&api_key=l7BWrBKKdfXeJQArV29MUbOSWgebqUX56anPvIAA
2026-03-18 00:00:41 - ERROR - Error at skip=16900: HTTPError - 429 Client Error: Too Many Requests for url: https://api.fda.gov/drug/enforcement.json?limit=100&skip=16900&api_key=l7BWrBKKdfXeJQArV29MUbOSWgebqUX56anPvIAA
2026-03-18 00:00:41 - ERROR - Error at skip=17000: HTTPError - 429 Client Error: Too Many Requests for url: https://api.fda.gov/drug/enforcement.json?limit=100&skip=17000&api_key=l7BWrBKKdfXeJQArV29MUbOSWgebqUX56anPvIAA
2026-03-18 00:00:41 - ERROR - Error at skip=17100: HTTPError - 429 Client Error: Too Many Requests for url: https://api.fda.gov/drug/enforcement.json?limit=100&skip=17100&api_key=l7BWrBKKdfXeJQArV29MUbOSWgebqUX56anPvIAA
2026-03-18 00:00:41 - ERROR - Error at skip=17200: HTTPError - 429 Client Error: Too Many Requests for url: https://api.fda.gov/drug/enforcement.json?limit=100&skip=17200&api_key=l7BWrBKKdfXeJQArV29MUbOSWgebqUX56anPvIAA
2026-03-18 00:00:41 - ERROR - Error at skip=17400: HTTPError - 429 Client Error: Too Many Requests for url: https://api.fda.gov/drug/enforcement.json?limit=100&skip=17400&api_key=l7BWrBKKdfXeJQArV29MUbOSWgebqUX56anPvIAA
2026-03-18 00:00:41 - ERROR - Error at skip=17300: HTTPError - 429 Client Error: Too Many Requests for url: https://api.fda.gov/drug/enforcement.json?limit=100&skip=17300&api_key=l7BWrBKKdfXeJQArV29MUbOSWgebqUX56anPvIAA
2026-03-18 00:00:42 - ERROR - Error at skip=17500: HTTPError - 429 Client Error: Too Many Requests for url: https://api.fda.gov/drug/enforcement.json?limit=100&skip=17500&api_key=l7BWrBKKdfXeJQArV29MUbOSWgebqUX56anPvIAA
2026-03-18 00:00:42 - INFO - Total fetched: 13700/17521
2026-03-18 00:00:42 - INFO - Built bronze_df with shape: (13700, 25)
2026-03-18 00:00:45 - INFO - Loaded 13700 records into bronze.raw_fda_recalls
2026-03-18 00:00:45 - INFO - Done.
